[06:39:19] [main/INFO]: Environment: authHost='https://authserver.mojang.com', accountsHost='https://api.mojang.com', sessionHost='https://sessionserver.mojang.com', servicesHost='https://api.minecraftservices.com', name='PROD'
[06:39:19] [main/INFO]: Reloading ResourceManager: Default, bukkit
[06:39:19] [Worker-Main-5/INFO]: Loaded 7 recipes
[06:39:21] [Server thread/INFO]: Starting minecraft server version 1.16.5
[06:39:21] [Server thread/INFO]: Loading properties
[06:39:21] [Server console handler/ERROR]: [TerminalConsole] Failed to read console input
java.io.IOException: Неверный дескриптор
	at java.io.FileInputStream.readBytes(Native Method) ~[?:?]
	at java.io.FileInputStream.read(FileInputStream.java:271) ~[?:?]
	at java.io.BufferedInputStream.read1(BufferedInputStream.java:282) ~[?:?]
	at java.io.BufferedInputStream.read(BufferedInputStream.java:343) ~[?:?]
	at sun.nio.cs.StreamDecoder.readBytes(StreamDecoder.java:297) ~[?:?]
	at sun.nio.cs.StreamDecoder.implRead(StreamDecoder.java:339) ~[?:?]
	at sun.nio.cs.StreamDecoder.read(StreamDecoder.java:188) ~[?:?]
	at java.io.InputStreamReader.read(InputStreamReader.java:178) ~[?:?]
	at java.io.BufferedReader.fill(BufferedReader.java:161) ~[?:?]
	at java.io.BufferedReader.readLine(BufferedReader.java:329) ~[?:?]
	at java.io.BufferedReader.readLine(BufferedReader.java:396) ~[?:?]
	at net.minecrell.terminalconsole.SimpleTerminalConsole.readCommands(SimpleTerminalConsole.java:180) ~[patched_1.16.5.jar:git-Purpur-1171]
	at net.minecrell.terminalconsole.SimpleTerminalConsole.start(SimpleTerminalConsole.java:143) ~[patched_1.16.5.jar:git-Purpur-1171]
	at net.minecraft.server.v1_16_R3.DedicatedServer$1.run(DedicatedServer.java:106) ~[patched_1.16.5.jar:git-Purpur-1171]
	Suppressed: java.io.IOException: Неверный дескриптор
		at java.io.FileDescriptor.close0(Native Method) ~[?:?]
		at java.io.FileDescriptor.close(FileDescriptor.java:297) ~[?:?]
		at java.io.FileInputStream$1.close(FileInputStream.java:366) ~[?:?]
		at java.io.FileDescriptor.closeAll(FileDescriptor.java:355) ~[?:?]
		at java.io.FileInputStream.close(FileInputStream.java:364) ~[?:?]
		at java.io.BufferedInputStream.close(BufferedInputStream.java:481) ~[?:?]
		at sun.nio.cs.StreamDecoder.implClose(StreamDecoder.java:391) ~[?:?]
		at sun.nio.cs.StreamDecoder.close(StreamDecoder.java:204) ~[?:?]
		at java.io.InputStreamReader.close(InputStreamReader.java:193) ~[?:?]
		at java.io.BufferedReader.close(BufferedReader.java:532) ~[?:?]
		at net.minecrell.terminalconsole.SimpleTerminalConsole.readCommands(SimpleTerminalConsole.java:183) ~[patched_1.16.5.jar:git-Purpur-1171]
		at net.minecrell.terminalconsole.SimpleTerminalConsole.start(SimpleTerminalConsole.java:143) ~[patched_1.16.5.jar:git-Purpur-1171]
		at net.minecraft.server.v1_16_R3.DedicatedServer$1.run(DedicatedServer.java:106) ~[patched_1.16.5.jar:git-Purpur-1171]
[06:39:21] [Server thread/INFO]: This server is running Purpur version git-Purpur-1171 (MC: 1.16.5) (Implementing API version 1.16.5-R0.1-SNAPSHOT)
[06:39:21] [Server thread/INFO]: Debug logging is disabled
[06:39:21] [Server thread/INFO]: Using 4 threads for Netty based IO
[06:39:21] [Server thread/INFO]: Server Ping Player Sample Count: 12
[06:39:21] [Server thread/WARN]: You specified a resource pack without providing a sha1 hash. Pack will be updated on the client only if you change the name of the pack.
[06:39:21] [Server thread/INFO]: Default game type: SURVIVAL
[06:39:21] [Server thread/INFO]: Generating keypair
[06:39:21] [Server thread/INFO]: Starting Minecraft server on 26.1.208.109:25565
[06:39:21] [Server thread/INFO]: Using default channel type
[06:39:21] [Server thread/INFO]: Tuinity: Using Java 11 compression from Velocity.
[06:39:21] [Server thread/INFO]: Tuinity: Using Java cipher from Velocity.
[06:39:22] [Server thread/WARN]: [HelmetSet] Loaded class net.skinsrestorer.api.exception.SkinRequestException from SkinsRestorer v14.2.1 which is not a depend, softdepend or loadbefore of this plugin.
[06:39:22] [Server thread/WARN]: Initializing Legacy Material Support. Unless you have legacy plugins and/or data this is a bug!
[06:39:25] [Server thread/WARN]: Legacy plugin CommandNPC v1.7.2 does not specify an api-version.
[06:39:25] [Server thread/INFO]: [BeautyQuests] Loading 1 libraries... please wait
[06:39:25] [Server thread/INFO]: [BeautyQuests] Loaded library C:\Users\Evdokimov\Desktop\ServerFallout\libraries\org\mariadb\jdbc\mariadb-java-client\2.7.5\mariadb-java-client-2.7.5.jar
[06:39:25] [Server thread/INFO]: [WolfyUtilities] Loading 2 libraries... please wait
[06:39:25] [Server thread/INFO]: [WolfyUtilities] Loaded library C:\Users\Evdokimov\Desktop\ServerFallout\libraries\com\google\inject\guice\5.1.0\guice-5.1.0.jar
[06:39:25] [Server thread/INFO]: [WolfyUtilities] Loaded library C:\Users\Evdokimov\Desktop\ServerFallout\libraries\javax\inject\javax.inject\1\javax.inject-1.jar
[06:39:25] [Server thread/INFO]: [WolfyUtilities] Loaded library C:\Users\Evdokimov\Desktop\ServerFallout\libraries\aopalliance\aopalliance\1.0\aopalliance-1.0.jar
[06:39:25] [Server thread/INFO]: [WolfyUtilities] Loaded library C:\Users\Evdokimov\Desktop\ServerFallout\libraries\com\google\guava\guava\30.1-jre\guava-30.1-jre.jar
[06:39:25] [Server thread/INFO]: [WolfyUtilities] Loaded library C:\Users\Evdokimov\Desktop\ServerFallout\libraries\com\google\guava\failureaccess\1.0.1\failureaccess-1.0.1.jar
[06:39:25] [Server thread/INFO]: [WolfyUtilities] Loaded library C:\Users\Evdokimov\Desktop\ServerFallout\libraries\com\google\guava\listenablefuture\9999.0-empty-to-avoid-conflict-with-guava\listenablefuture-9999.0-empty-to-avoid-conflict-with-guava.jar
[06:39:25] [Server thread/INFO]: [WolfyUtilities] Loaded library C:\Users\Evdokimov\Desktop\ServerFallout\libraries\com\google\code\findbugs\jsr305\3.0.2\jsr305-3.0.2.jar
[06:39:25] [Server thread/INFO]: [WolfyUtilities] Loaded library C:\Users\Evdokimov\Desktop\ServerFallout\libraries\org\checkerframework\checker-qual\3.5.0\checker-qual-3.5.0.jar
[06:39:25] [Server thread/INFO]: [WolfyUtilities] Loaded library C:\Users\Evdokimov\Desktop\ServerFallout\libraries\com\google\errorprone\error_prone_annotations\2.3.4\error_prone_annotations-2.3.4.jar
[06:39:25] [Server thread/INFO]: [WolfyUtilities] Loaded library C:\Users\Evdokimov\Desktop\ServerFallout\libraries\com\google\j2objc\j2objc-annotations\1.3\j2objc-annotations-1.3.jar
[06:39:25] [Server thread/INFO]: [WolfyUtilities] Loaded library C:\Users\Evdokimov\Desktop\ServerFallout\libraries\org\apache\commons\commons-lang3\3.12.0\commons-lang3-3.12.0.jar
[06:39:25] [Server thread/INFO]: [WolfyUtilities] NMS Version: v1_16_R3
[06:39:25] [Server thread/INFO]: [me.wolfyscript.lib.org.reflections.Reflections] Reflections took 309 ms to scan 1 urls, producing 1173 keys and 3749 values
[06:39:26] [Server thread/INFO]: [CustomCrafting] NMS Version: v1_16_R3
[06:39:26] [Server thread/INFO]: [LuckPerms] Loading LuckPerms v5.4.36
[06:39:26] [Server thread/INFO]: [LootChest] Loading LootChest v2.3.3
[06:39:26] [Server thread/INFO]: [PlaceholderAPI] Loading PlaceholderAPI v2.11.2
[06:39:26] [Server thread/INFO]: [ArmorEquipEvent] Loading ArmorEquipEvent v1.8-FIX
[06:39:26] [Server thread/INFO]: [HeadJoin] Loading HeadJoin v1.3
[06:39:26] [Server thread/INFO]: [ProtocolLib] Loading ProtocolLib v4.8.0
[06:39:27] [Server thread/INFO]: [SkinsRestorer] Loading SkinsRestorer v14.2.1
[06:39:27] [Server thread/INFO]: [BlowableObsidians] Loading BlowableObsidians v6.8
[06:39:27] [Server thread/INFO]: [MarkItem] Loading MarkItem v0.5
[06:39:27] [Server thread/INFO]: [HelmetSet] Loading HelmetSet v1.0-SNAPSHOT
[06:39:27] [Server thread/INFO]: [UltimateTNT] Loading UltimateTNT v1.11.6
[06:39:27] [Server thread/INFO]: [nokaut] Loading nokaut v1.15
[06:39:27] [Server thread/INFO]: [NBTAPI] Loading NBTAPI v2.7.1
[06:39:27] [Server thread/INFO]: [NBTAPI] [NBTAPI] Found Spigot: v1_16_R3! Trying to find NMS support
[06:39:27] [Server thread/INFO]: [NBTAPI] [NBTAPI] NMS support 'MC1_16_R3' loaded!
[06:39:27] [Server thread/INFO]: [NBTAPI] [NBTAPI] Found Gson: class com.google.gson.Gson
[06:39:27] [Server thread/INFO]: [NBTAPI] [NBTAPI] Using the plugin 'LuckPerms' to create a bStats instance!
[06:39:27] [Server thread/INFO]: [Vault] Loading Vault v1.7.3-b131
[06:39:27] [Server thread/INFO]: [WorldEdit] Loading WorldEdit v7.2.2+fc3c499
[06:39:27] [Server thread/INFO]: Got request to register class com.sk89q.worldedit.bukkit.BukkitServerInterface with WorldEdit [com.sk89q.worldedit.extension.platform.PlatformManager@2a740998]
[06:39:27] [Server thread/INFO]: [Essentials] Loading Essentials v2.19.4
[06:39:27] [Server thread/INFO]: [PlasmoVoice] Loading PlasmoVoice v1.0.10
[06:39:27] [Server thread/INFO]: [HolographicDisplays] Loading HolographicDisplays v2.4.9
[06:39:27] [Server thread/INFO]: [WorldGuard] Loading WorldGuard v7.0.5+3827266
[06:39:27] [Server thread/INFO]: [Citizens] Loading Citizens v2.0.30-SNAPSHOT (build 2634)
[06:39:27] [Server thread/INFO]: [Sentinel] Loading Sentinel v2.6.0-SNAPSHOT (build 472)
[06:39:27] [Server thread/INFO]: [EpicCraftingsPlus] Loading EpicCraftingsPlus v7.11.4
[06:39:27] [Server thread/INFO]: [CommandNPC] Loading CommandNPC v1.7.2
[06:39:27] [Server thread/INFO]: [QualityArmory] Loading QualityArmory v2.0.6
[06:39:27] [Server thread/INFO]: [QualityArmoryVehicles2] Loading QualityArmoryVehicles2 v2.3.3
[06:39:27] [Server thread/INFO]: [BlockRegen] Loading BlockRegen v3.9.1
[06:39:27] [Server thread/INFO]: [BeautyQuests] Loading BeautyQuests v0.19.7
[06:39:27] [Server thread/INFO]: [LWC] Loading LWC v2.2.8-f367129
[06:39:27] [Server thread/INFO]: [LWCTrust] Loading LWCTrust v1.0.6
[06:39:27] [Server thread/INFO]: [SCore] Loading SCore v1.7.6.0
[06:39:27] [Server thread/INFO]: [WolfyUtilities] Loading WolfyUtilities v4.16.4.1
[06:39:27] [Server thread/INFO]: [WolfyUtilities] Register json serializer/deserializer
[06:39:27] [Server thread/INFO]: [WolfyUtilities] Register CustomItem meta checks
[06:39:27] [Server thread/INFO]: [CustomCrafting] Loading CustomCrafting v3.16.6.2
[06:39:27] [Server thread/INFO]: [CustomCrafting] WolfyUtils API: v4.16.4.1
[06:39:27] [Server thread/INFO]: [CustomCrafting] CustomCrafting: v3.16.6.2
[06:39:27] [Server thread/INFO]: [CustomCrafting] Environment   : PROD
[06:39:27] [Server thread/INFO]: [CustomCrafting] Registering CustomItem Data
[06:39:27] [Server thread/INFO]: [CustomCrafting] Registering Result Extensions
[06:39:27] [Server thread/INFO]: [CustomCrafting] Registering Result Merge Adapters
[06:39:27] [Server thread/INFO]: [CustomCrafting] Registering Recipe Conditions
[06:39:28] [Server thread/INFO]: [CustomCrafting] Registering Recipe Types
[06:39:28] [Server thread/INFO]: [CustomCrafting] Registering Anvil Recipe Tasks
[06:39:28] [Server thread/INFO]: [CustomCrafting] Registering Type Registries
[06:39:28] [Server thread/INFO]: [ExecutableItems] Loading ExecutableItems v4.2.6.0
[06:39:28] [Server thread/INFO]: Server permissions file permissions.yml is empty, ignoring it
[06:39:28] [Server thread/INFO]: [LuckPerms] Enabling LuckPerms v5.4.36
[06:39:28] [Server thread/INFO]:         __    
[06:39:28] [Server thread/INFO]:   |    |__)   LuckPerms v5.4.36
[06:39:28] [Server thread/INFO]:   |___ |      Running on Bukkit - Purpur
[06:39:28] [Server thread/INFO]: 
[06:39:28] [Server thread/INFO]: [LuckPerms] Loading configuration...
[06:39:28] [Server thread/INFO]: [LuckPerms] Loading storage provider... [H2]
[06:39:28] [Thread-15/WARN]: [NBTAPI] [NBTAPI] The NBT-API at 'package de.tr7zw.nbtapi' seems to be outdated!
[06:39:28] [Thread-15/WARN]: [NBTAPI] [NBTAPI] Current Version: '2.7.1' Newest Version: 2.10.0'
[06:39:28] [Thread-15/WARN]: [NBTAPI] [NBTAPI] Please update the nbt-api or the plugin that contains the api!
[06:39:28] [Server thread/INFO]: [LuckPerms] Loading internal permission managers...
[06:39:28] [Server thread/INFO]: [LuckPerms] Performing initial data load...
[06:39:29] [Server thread/INFO]: [LuckPerms] Successfully enabled. (took 1040ms)
[06:39:29] [Server thread/INFO]: [ProtocolLib] Enabling ProtocolLib v4.8.0
[06:39:29] [Server thread/INFO]: [ProtocolLib] Started structure compiler thread.
[06:39:29] [Server thread/INFO]: [Vault] Enabling Vault v1.7.3-b131
[06:39:29] [Server thread/WARN]: [Vault] Loaded class com.earth2me.essentials.api.Economy from Essentials v2.19.4 which is not a depend, softdepend or loadbefore of this plugin.
[06:39:29] [Server thread/INFO]: [Vault] [Economy] Essentials Economy found: Waiting
[06:39:29] [Server thread/INFO]: [Vault] [Permission] SuperPermissions loaded as backup permission system.
[06:39:29] [Server thread/INFO]: [Vault] Enabled Version 1.7.3-b131
[06:39:29] [Server thread/INFO]: [LuckPerms] Registered Vault permission & chat hook.
[06:39:29] [Server thread/INFO]: [WorldEdit] Enabling WorldEdit v7.2.2+fc3c499
[06:39:29] [Server thread/INFO]: WEPIF: Vault detected! Using Vault for permissions
[06:39:29] [Server thread/INFO]: Using com.sk89q.worldedit.bukkit.adapter.impl.Spigot_v1_16_R3 as the Bukkit adapter
[06:39:29] [Server thread/INFO]: [WorldEdit] Default configuration file written: config.yml
[06:39:29] [Server thread/INFO]: [LWC] Enabling LWC v2.2.8-f367129
[06:39:29] [Server thread/INFO]: [LWC] Connecting to SQLite
[06:39:30] [Server thread/INFO]: [LWC] Performing database optimization for 1.13...
[06:39:30] [Server thread/INFO]: [LWC] Performing database migration to 1.13 format...
[06:39:30] [Server thread/INFO]: [LWC] Dropping old indexes (One time, may take a while!)
[06:39:30] [Server thread/INFO]: [LWC] Creating new indexes (One time, may take a while!)
[06:39:30] [Server thread/INFO]: [LWC] Creating index on internal
[06:39:30] [Server thread/INFO]: [LWC] Added Hoppers to Blacklisted Blocks in core.yml (optional.blacklistedBlocks)
[06:39:30] [Server thread/INFO]: [LWC] This means that Hoppers CANNOT be placed around protections a player does not have access to
[06:39:30] [Server thread/INFO]: [LWC] If you DO NOT want this feature, simply remove 'hopper' from blacklistedBlocks :-)
[06:39:30] [Server thread/INFO]: [LWC] Also consider enabling optional.alternativeHopperProtection for more efficient hopper protection, or if you plan on protecting hoppers themselves.
[06:39:30] [Server thread/INFO]: [LWCTrust] Enabling LWCTrust v1.0.6
[06:39:30] [Server thread/WARN]: **** SERVER IS RUNNING IN OFFLINE/INSECURE MODE!
[06:39:30] [Server thread/WARN]: The server will make no attempt to authenticate usernames. Beware.
[06:39:30] [Server thread/WARN]: While this makes the game possible to play without internet access, it also opens up the ability for hackers to connect with any username they choose.
[06:39:30] [Server thread/WARN]: You will not be offered any support as long as the server allows offline-mode players to join.
[06:39:30] [Server thread/WARN]: To change this, set "online-mode" to "true" in the server.properties file.
[06:39:30] [Server thread/INFO]: Preparing level "world"
[06:39:30] [Server thread/INFO]: Registering commands with com.sk89q.worldedit.bukkit.BukkitServerInterface
[06:39:30] [Server thread/INFO]: Preparing start region for dimension minecraft:overworld
[06:39:31] [Server thread/INFO]: Preparing spawn area: 0%
[06:39:31] [Server thread/INFO]: Time elapsed: 281 ms
[06:39:31] [Server thread/INFO]: Preparing start region for dimension minecraft:the_nether
[06:39:31] [Server thread/INFO]: Time elapsed: 102 ms
[06:39:31] [Server thread/INFO]: Preparing start region for dimension minecraft:the_end
[06:39:31] [Server thread/INFO]: Time elapsed: 64 ms
[06:39:31] [Server thread/INFO]: [LootChest] Enabling LootChest v2.3.3
[06:39:31] [Server thread/INFO]: [LootChest] Server version: 1.16
[06:39:31] [Server thread/INFO]: [LootChest] Loading config files...
[06:39:31] [Server thread/INFO]: [LootChest] Checking for update...
[06:39:31] [Server thread/INFO]: [LootChest] Starting particles...
[06:39:31] [Server thread/INFO]: [PlaceholderAPI] Enabling PlaceholderAPI v2.11.2
[06:39:31] [Server thread/INFO]: [PlaceholderAPI] Fetching available expansion information...
[06:39:31] [Server thread/INFO]: [ArmorEquipEvent] Enabling ArmorEquipEvent v1.8-FIX
[06:39:31] [Server thread/INFO]: [HeadJoin] Enabling HeadJoin v1.3
[06:39:31] [Server thread/INFO]: 
 
[]=====[Enabling HeadJoin]=====[]
| Information:
|   Name: HeadJoin
|   Developer: rub1kub
|   Version: 1.3
| Support:
|   Github: https://github.com/LordRubikI
|   Telegram: https://t.me/rub1kub
[]=======================================[]

[06:39:31] [Server thread/INFO]: [SkinsRestorer] Enabling SkinsRestorer v14.2.1
[06:39:31] [Server thread/INFO]: [33;1m[[32;22mSkinsRestorer[33;1m] [0;39m[32;1mDetected Minecraft [33;1mv1_16_R3[32;1m, using [33;1mPaperSkinRefresher[32;1m.[0;39m
[06:39:31] [Server thread/INFO]: [SkinsRestorer] [ACF] Enabled Asynchronous Tab Completion Support!
[06:39:31] [Server thread/INFO]: [BlowableObsidians] Enabling BlowableObsidians v6.8
[06:39:31] [Server thread/INFO]: [BlowableObsidians] Running on server with 116 / v1_16_R3.
[06:39:31] [Server thread/INFO]: [MarkItem] Enabling MarkItem v0.5
[06:39:31] [Server thread/INFO]: [MarkItem] 23 item(s) have been initialized
[06:39:31] [Server thread/INFO]: [HelmetSet] Enabling HelmetSet v1.0-SNAPSHOT
[06:39:31] [Server thread/WARN]: [HelmetSet] Loaded class lowbrain.armorequip.ArmorEquipEvent from ArmorEquipEvent v1.8-FIX which is not a depend, softdepend or loadbefore of this plugin.
[06:39:31] [Server thread/INFO]: [HelmetSet] Плагин запустился!
[06:39:31] [Server thread/INFO]: [UltimateTNT] Enabling UltimateTNT v1.11.6
[06:39:31] [Server thread/INFO]: [nokaut] Enabling nokaut v1.15
[06:39:31] [Server thread/INFO]: 
[06:39:31] [Server thread/INFO]: |\     |  |  /
[06:39:31] [Server thread/INFO]: | \    |  | /
[06:39:31] [Server thread/INFO]: |  \   |  |/
[06:39:31] [Server thread/INFO]: |   \  |  |\
[06:39:31] [Server thread/INFO]: |    \ |  | \
[06:39:31] [Server thread/INFO]: |     \|  |  \
[06:39:31] [Server thread/INFO]: 
[06:39:31] [Server thread/INFO]: Enabling the plugin nokaut BY smaks6
[06:39:31] [Server thread/INFO]: Server version: v1_16_R3
[06:39:32] [Server thread/INFO]: [org.reflections.Reflections] Reflections took 173 ms to scan 1 urls, producing 8 keys and 40 values 
[06:39:32] [Server thread/WARN]: [nokaut] Loaded class com.sk89q.worldguard.protection.flags.Flag from WorldGuard v7.0.5+3827266 which is not a depend, softdepend or loadbefore of this plugin.
[06:39:32] [Server thread/INFO]: [NBTAPI] Enabling NBTAPI v2.7.1
[06:39:32] [Server thread/INFO]: [NBTAPI] Adding listeners...
[06:39:32] [Server thread/INFO]: [NBTAPI] Gson:
[06:39:32] [Server thread/INFO]: [NBTAPI] Checking bindings...
[06:39:32] [Server thread/INFO]: [NBTAPI] All Classes were able to link!
[06:39:32] [Server thread/INFO]: [NBTAPI] All Methods were able to link!
[06:39:32] [Server thread/INFO]: [NBTAPI] Running NBT reflection test...
[06:39:32] [Server thread/INFO]: [NBTAPI] StreamTest: Ok
[06:39:32] [Server thread/INFO]: [NBTAPI] EntityCustomNbtInjectorTest: Ok
[06:39:32] [Server thread/INFO]: [NBTAPI] SubCompoundsTest: Ok
[06:39:32] [Server thread/INFO]: [NBTAPI] ListTest: Ok
[06:39:32] [Server thread/INFO]: [NBTAPI] ChunkNBTPersistentTest: Ok
[06:39:32] [Server thread/INFO]: [NBTAPI] ForEachTest: Ok
[06:39:32] [Server thread/INFO]: [NBTAPI] IteratorTest: Ok
[06:39:32] [Server thread/INFO]: [NBTAPI] WorldDataTest: Ok
[06:39:32] [Server thread/INFO]: [NBTAPI] MergeTest: Ok
[06:39:32] [Server thread/INFO]: [NBTAPI] DirectApplyTest: Ok
[06:39:32] [Server thread/INFO]: [NBTAPI] SpawnEntityCustomNbtInjectorTest: Ok
[06:39:32] [Server thread/INFO]: [NBTAPI] ItemMergingTest: Ok
[06:39:32] [Server thread/INFO]: [NBTAPI] MergeTileSubCompoundTest: Ok
[06:39:32] [Server thread/INFO]: [NBTAPI] GetterSetterTest: Ok
[06:39:32] [Server thread/INFO]: [NBTAPI] TileTest: Ok
[06:39:32] [Server thread/INFO]: [NBTAPI] TilesCustomNBTPersistentTest: Ok
[06:39:32] [Server thread/INFO]: [NBTAPI] NBTFileTest: Ok
[06:39:32] [Server thread/INFO]: [NBTAPI] RemovingKeys: Ok
[06:39:32] [Server thread/INFO]: [NBTAPI] TilesCustomNBTInjectorTest: Ok
[06:39:32] [Server thread/INFO]: [NBTAPI] TypeTest: Ok
[06:39:32] [Server thread/INFO]: [NBTAPI] ItemConvertionTest: Ok
[06:39:32] [Server thread/INFO]: [NBTAPI] GameprofileTest: Ok
[06:39:32] [Server thread/INFO]: [NBTAPI] EntityCustomNbtPersistentTest: Ok
[06:39:32] [Server thread/INFO]: [NBTAPI] EqualsTest: Ok
[06:39:32] [Server thread/INFO]: [NBTAPI] BlockNBTTest: Ok
[06:39:32] [Server thread/INFO]: [NBTAPI] EmptyItemTest: Ok
[06:39:32] [Server thread/INFO]: [NBTAPI] EntityTest: Ok
[06:39:32] [Server thread/INFO]: [NBTAPI] Success! This version of NBT-API is compatible with your server.
[06:39:32] [Server thread/INFO]: [Essentials] Enabling Essentials v2.19.4
[06:39:32] [Server thread/INFO]: [Essentials] Attempting to convert old kits in config.yml to new kits.yml
[06:39:32] [Server thread/INFO]: [Essentials] No kits found to migrate.
[06:39:32] [Server thread/INFO]: [Essentials] Loaded 36926 items from items.json.
[06:39:32] [Server thread/INFO]: [Essentials] Using locale ru_RU
[06:39:32] [Server thread/INFO]: [Essentials] ServerListPingEvent: Spigot iterator API
[06:39:32] [Server thread/INFO]: [Essentials] Starting Metrics. Opt-out using the global bStats config.
[06:39:32] [Server thread/INFO]: [Vault] [Economy] Essentials Economy hooked.
[06:39:32] [Server thread/INFO]: [Essentials] Using Vault based permissions (LuckPerms)
[06:39:32] [Server thread/INFO]: [PlasmoVoice] Enabling PlasmoVoice v1.0.10
[06:39:32] [Server thread/INFO]: [PlaceholderAPI] Successfully registered expansion: plasmovoice [1.0.0]
[06:39:32] [Thread-24/INFO]: [PlasmoVoice] Voice UDP server started on /0.0.0.0:25565
[06:39:32] [Server thread/INFO]: [HolographicDisplays] Enabling HolographicDisplays v2.4.9
[06:39:32] [Server thread/INFO]: [HolographicDisplays] Enabled player relative placeholders with ProtocolLib.
[06:39:33] [Server thread/INFO]: [WorldGuard] Enabling WorldGuard v7.0.5+3827266
[06:39:33] [Server thread/INFO]: [WorldGuard] Default configuration file written: config.yml
[06:39:33] [Server thread/INFO]: [WorldGuard] Default configuration file written: config_world.yml
[06:39:33] [Server thread/INFO]: [WorldGuard] Default configuration file written: blacklist.txt
[06:39:33] [Server thread/INFO]: [WorldGuard] (world) TNT ignition is PERMITTED.
[06:39:33] [Server thread/INFO]: [WorldGuard] (world) Lighters are PERMITTED.
[06:39:33] [Server thread/INFO]: [WorldGuard] (world) Lava fire is PERMITTED.
[06:39:33] [Server thread/INFO]: [WorldGuard] (world) Fire spread is UNRESTRICTED.
[06:39:33] [Server thread/INFO]: [WorldGuard] Loaded configuration for world 'world'
[06:39:33] [Server thread/INFO]: [WorldGuard] Default configuration file written: config_world.yml
[06:39:33] [Server thread/INFO]: [WorldGuard] Default configuration file written: blacklist.txt
[06:39:33] [Server thread/INFO]: [WorldGuard] (world_nether) TNT ignition is PERMITTED.
[06:39:33] [Server thread/INFO]: [WorldGuard] (world_nether) Lighters are PERMITTED.
[06:39:33] [Server thread/INFO]: [WorldGuard] (world_nether) Lava fire is PERMITTED.
[06:39:33] [Server thread/INFO]: [WorldGuard] (world_nether) Fire spread is UNRESTRICTED.
[06:39:33] [Server thread/INFO]: [WorldGuard] Loaded configuration for world 'world_nether'
[06:39:33] [Server thread/INFO]: [WorldGuard] Default configuration file written: config_world.yml
[06:39:33] [Server thread/INFO]: [WorldGuard] Default configuration file written: blacklist.txt
[06:39:33] [Server thread/INFO]: [WorldGuard] (world_the_end) TNT ignition is PERMITTED.
[06:39:33] [Server thread/INFO]: [WorldGuard] (world_the_end) Lighters are PERMITTED.
[06:39:33] [Server thread/INFO]: [WorldGuard] (world_the_end) Lava fire is PERMITTED.
[06:39:33] [Server thread/INFO]: [WorldGuard] (world_the_end) Fire spread is UNRESTRICTED.
[06:39:33] [Server thread/INFO]: [WorldGuard] Loaded configuration for world 'world_the_end'
[06:39:33] [Server thread/INFO]: [WorldGuard] Loading region data...
[06:39:33] [Server thread/INFO]: [WorldGuard] Unloading and saving region data that is currently loaded...
[06:39:33] [Server thread/INFO]: [WorldGuard] Loading region data for loaded worlds...
[06:39:33] [Server thread/INFO]: [WorldGuard] Loading region data...
[06:39:33] [Server thread/INFO]: [WorldGuard] Regions saved after UUID migration! This won't happen again unless you change the relevant configuration option in WorldGuard's config.
[06:39:33] [Server thread/INFO]: [Citizens] Enabling Citizens v2.0.30-SNAPSHOT (build 2634)
[06:39:33] [Server thread/ERROR]: [Citizens] Missing translation for system language (ru_RU): defaulting to English
[06:39:33] [Server thread/INFO]: [Citizens] Loaded economy handling via Vault.
[06:39:33] [Server thread/INFO]: [Sentinel] Enabling Sentinel v2.6.0-SNAPSHOT (build 472)
[06:39:33] [Server thread/INFO]: [Sentinel] Sentinel loading...
[06:39:33] [Server thread/INFO]: [Sentinel] Running on java version: 16.0.2
[06:39:33] [Server thread/INFO]: [Sentinel] Sentinel loaded on a fully supported Minecraft version. If you encounter any issues or need to ask a question, please join our Discord at https://discord.gg/Q6pZGSR and post in the '#sentinel' channel.
[06:39:33] [Server thread/INFO]: [Sentinel] Vault linked! Group targets will work.
[06:39:33] [Server thread/INFO]: [Sentinel] Sentinel found WorldGuard! Adding support for it!
[06:39:33] [Server thread/INFO]: [Sentinel] Sentinel loaded!
[06:39:33] [Server thread/INFO]: [EpicCraftingsPlus] Enabling EpicCraftingsPlus v7.11.4
[06:39:34] [Server thread/INFO]: [PlaceholderAPI] Successfully registered expansion: epiccraftings [7.11.4]
[06:39:34] [Server thread/INFO]: [EpicCraftings+] Has been enabled! Version: 7.11.4
[06:39:34] [Server thread/INFO]: [EpicCraftings+] Thanks for using my plugin!  ~Ajneb97
[06:39:35] [Server thread/INFO]: There is a new version available. (7.11.6)
[06:39:35] [Server thread/INFO]: You can download it at: https://www.spigotmc.org/resources/39967/
[06:39:35] [Server thread/INFO]: [CommandNPC] Enabling CommandNPC v1.7.2*
[06:39:35] [Server thread/INFO]: Injecting command information into Citizens.
[06:39:35] [Server thread/INFO]: [QualityArmory] Enabling QualityArmory v2.0.6
[06:39:35] [Server thread/INFO]: [QualityArmory] Hooked with WorldGuard!
[06:39:35] [Server thread/INFO]: [QualityArmory] It appears you are running WorldGuard. If you want to implement flags you can download the QAWorldGuard addon: https://www.spigotmc.org/resources/96868/
[06:39:35] [Server thread/INFO]: [QualityArmory] -Loaded 11 Ammo types.
[06:39:35] [Server thread/INFO]: [QualityArmory] -Loaded 16 Misc.
[06:39:35] [Server thread/INFO]: [QualityArmory] -Loaded 19 Gun types.
[06:39:35] [Server thread/INFO]: [QualityArmory] -Loading Attachment: awpasiimov
[06:39:35] [Server thread/INFO]: [QualityArmory] --Failed to load awpasiimov attachment because the base "awp" does not exist.
[06:39:35] [Server thread/INFO]: [QualityArmory] -Loading Attachment: p30silenced
[06:39:35] [Server thread/INFO]: [QualityArmory] --Failed to load p30silenced attachment because the base "p30" does not exist.
[06:39:35] [Server thread/INFO]: [QualityArmory] -Loading Attachment: uzicorn
[06:39:35] [Server thread/INFO]: [QualityArmory] --Failed to load uzicorn attachment because the base "uzi" does not exist.
[06:39:35] [Server thread/INFO]: [QualityArmory] -Loaded 0 Attachment types.
[06:39:35] [Server thread/INFO]: [QualityArmory] -Loaded 4 Armor types.
[06:39:35] [Server thread/INFO]: [QualityArmoryVehicles2] Enabling QualityArmoryVehicles2 v2.3.3
[06:39:35] [Server thread/INFO]: [QualityArmoryVehicles2] Hooked with Vault
[06:39:35] [Server thread/INFO]: [QualityArmoryVehicles2] Found spigot fork. Loaded support.
[06:39:35] [Server thread/INFO]: [QualityArmoryVehicles2] Loaded NMS mappings & support. NMS version: v1_16_R3
[06:39:35] [Server thread/INFO]: [QualityArmoryVehicles2] -Loaded 37 Vehicle types
[06:39:36] [Server thread/INFO]: [QualityArmoryVehicles2] Successfully loaded 7 spawned vehicles.
[06:39:36] [Server thread/INFO]: [QualityArmoryVehicles2] Leaked by YOURNAME @ BlackSpigot.com
[06:39:36] [Server thread/INFO]: [BlockRegen] Enabling BlockRegen v3.9.1
[06:39:36] [Server thread/INFO]: INFO: Created file Settings.yml
[06:39:36] [Server thread/INFO]: INFO: Loaded file Settings.yml
[06:39:36] [Server thread/INFO]: INFO: Created file Messages.yml
[06:39:36] [Server thread/INFO]: INFO: Loaded file Messages.yml
[06:39:36] [Server thread/INFO]: INFO: Created file Blocklist.yml
[06:39:36] [Server thread/INFO]: INFO: Loaded file Blocklist.yml
[06:39:36] [Server thread/INFO]: INFO: Created file Regions.yml
[06:39:36] [Server thread/INFO]: INFO: Loaded file Regions.yml
[06:39:36] [Server thread/INFO]: [BlockRegen] INFO: Running on version 1.16
[06:39:36] [Server thread/INFO]: [BlockRegen] INFO: WorldEdit found! Enabling regions.
[06:39:36] [Server thread/INFO]: [BlockRegen] INFO: WorldGuard found! Supporting it's Region protection.
[06:39:36] [Server thread/INFO]: [BlockRegen] INFO: Checking dependencies...
[06:39:36] [Server thread/INFO]: [BlockRegen] INFO: Vault & economy plugin found! Enabling economy functions.
[06:39:36] [Server thread/INFO]: [BlockRegen] INFO: Found PlaceholderAPI! Using it for placeholders.
[06:39:36] [Server thread/INFO]: [BlockRegen] INFO: Loaded 6 block preset(s)...
[06:39:36] [Server thread/INFO]: [BlockRegen] INFO: Added 1 event(s)...
[06:39:36] [Server thread/INFO]: [BlockRegen] INFO: Loaded file Regions.yml
[06:39:36] [Server thread/INFO]: [BlockRegen] INFO: Loaded 0 region(s)...
[06:39:36] [Server thread/INFO]: [BlockRegen] INFO: You are using version 3.9.1
[06:39:36] [Server thread/INFO]: [BlockRegen] INFO: Report bugs or suggestions to discord only please. ( /blockregen discord )
[06:39:36] [Server thread/INFO]: [BlockRegen] INFO: Always backup if you are not sure about things.
[06:39:36] [Server thread/INFO]: [BlockRegen] INFO: MetricsLite enabled
[06:39:36] [Server thread/INFO]: [BeautyQuests] Enabling BeautyQuests v0.19.7
[06:39:36] [Server thread/INFO]: [BeautyQuests] ------------ BeautyQuests ------------
[06:39:36] [Server thread/INFO]: [BeautyQuests] Loaded valid Minecraft version 1_16_R3.
[06:39:36] [Server thread/INFO]: [BeautyQuests] data.yml created.
[06:39:36] [Server thread/INFO]: [BeautyQuests] Loaded language file locales/en_US.yml (0.029s)!
[06:39:36] [Server thread/INFO]: [BeautyQuests] Loaded start particles: REDSTONE in shape POINT with color "R255 G255 B0"
[06:39:36] [Server thread/INFO]: [BeautyQuests] Loaded talk particles: VILLAGER_HAPPY in shape BAR
[06:39:36] [Server thread/INFO]: [BeautyQuests] Loaded next particles: SMOKE_NORMAL in shape SPOT
[06:39:36] [Server thread/INFO]: [WorldGuard] Registering session handler fr.skytasul.quests.utils.compatibility.worldguard.WorldGuardEntryHandler
[06:39:36] [Server thread/INFO]: [PlaceholderAPI] Successfully registered expansion: beautyquests [0.19.7]
[06:39:36] [Server thread/INFO]: [BeautyQuests] Placeholders registered !
[06:39:36] [Server thread/INFO]: [SCore] Enabling SCore v1.7.6.0
[06:39:36] [Server thread/INFO]: ================ [SCore] ================
[06:39:36] [Server thread/INFO]: [SCore] ExecutableItems hooked !
[06:39:36] [Server thread/INFO]: [SCore] PlaceholderAPI hooked !
[06:39:36] [Server thread/INFO]: [SCore] WorldGuard hooked !
[06:39:36] [Server thread/INFO]: [SCore] Vault hooked !
[06:39:36] [Server thread/INFO]: [SCore] ProtocolLib hooked !
[06:39:36] [Server thread/INFO]: [SCore] NBTAPI hooked !
[06:39:36] [Server thread/INFO]: [SCore] Locale setup: EN
[06:39:36] [Server thread/INFO]: [SCore] Language setup on EN
[06:39:36] [Server thread/INFO]: [SCore] [SCore] Connexion to the db...
[06:39:36] [Server thread/INFO]: [SCore] [SCore] Verification of the table SecurityOP...
[06:39:36] [Server thread/INFO]: [SCore] [SCore] Verification of the table Commands...
[06:39:36] [Server thread/INFO]: [SCore] [SCore] Verification of the table Cooldowns...
[06:39:36] [Server thread/INFO]: [SCore] [SCore] Verification of the table Commands Player...
[06:39:36] [Server thread/INFO]: [SCore] [SCore] Verification of the table Commands Entity...
[06:39:36] [Server thread/INFO]: [SCore] [SCore] Verification of the table Commands Block...
[06:39:36] [Server thread/INFO]: [SCore] Verification of the table UsePerDay...
[06:39:36] [Server thread/INFO]: [SCore] projectile not editable FAIRYTAIL_GRAY_FULLBUSTER_1 was loaded !
[06:39:36] [Server thread/INFO]: [SCore] projectile not editable FAIRYTAIL_NATSU_DRAGNEEL_1 was loaded !
[06:39:36] [Server thread/INFO]: [SCore] projectile not editable FATE_ARCHER_1 was loaded !
[06:39:36] [Server thread/INFO]: [SCore] projectile not editable FATE_ARCHER_2 was loaded !
[06:39:36] [Server thread/INFO]: [SCore] projectile not editable FATE_CASTER_1 was loaded !
[06:39:36] [Server thread/INFO]: [SCore] projectile not editable FATE_CASTER_2 was loaded !
[06:39:36] [Server thread/INFO]: [SCore] projectile not editable FATE_CASTER_3 was loaded !
[06:39:36] [Server thread/INFO]: [SCore] projectile not editable FATE_GILGAMESH_1 was loaded !
[06:39:36] [Server thread/INFO]: [SCore] projectile not editable FATE_GILGAMESH_2 was loaded !
[06:39:36] [Server thread/INFO]: [SCore] projectile not editable FATE_GILGAMESH_3 was loaded !
[06:39:36] [Server thread/INFO]: [SCore] projectile not editable FATE_RIDER_1 was loaded !
[06:39:36] [Server thread/INFO]: [SCore] projectile not editable HUNTERXHUNTER_GON_FREECSS_1 was loaded !
[06:39:36] [Server thread/INFO]: [SCore] projectile not editable HUNTERXHUNTER_KURAPIKA_1 was loaded !
[06:39:36] [Server thread/INFO]: [SCore] projectile not editable MADOKA_HOMURA_AKEMI_1 was loaded !
[06:39:36] [Server thread/INFO]: [SCore] projectile not editable MADOKA_MADOKA_KANAME_1 was loaded !
[06:39:36] [Server thread/INFO]: [SCore] projectile not editable MADOKA_MAMI_TOMOE_1 was loaded !
[06:39:36] [Server thread/INFO]: [SCore] projectile not editable MHA_DENKI_KAMINARI_1 was loaded !
[06:39:36] [Server thread/INFO]: [SCore] projectile not editable MHA_IZUKU_MIDORIYA_1 was loaded !
[06:39:36] [Server thread/INFO]: [SCore] projectile not editable MHA_MINA_ASHIDO_ACID_1 was loaded !
[06:39:36] [Server thread/INFO]: [SCore] projectile not editable MHA_MINA_ASHIDO_ACID_2 was loaded !
[06:39:36] [Server thread/INFO]: [SCore] projectile not editable MHA_SHOTO_TODOROKI_2 was loaded !
[06:39:36] [Server thread/INFO]: [SCore] projectile not editable OPM_GENOS_1 was loaded !
[06:39:36] [Server thread/INFO]: [SCore] projectile not editable OPM_SPEED_O_SONIC_1 was loaded !
[06:39:36] [Server thread/INFO]: [SCore] projectile not editable proj_rainbow_projectile was loaded !
[06:39:36] [Server thread/INFO]: [SCore] projectile not editable proj_tornado_blade was loaded !
[06:39:36] [Server thread/INFO]: [SCore] projectile arrow1 was loaded !
[06:39:36] [Server thread/INFO]: [SCore] projectile egg1 was loaded !
[06:39:36] [Server thread/INFO]: [SCore] projectile enderpearl1 was loaded !
[06:39:36] [Server thread/INFO]: [SCore] projectile fireball1 was loaded !
[06:39:36] [Server thread/INFO]: [SCore] projectile lingering1 was loaded !
[06:39:36] [Server thread/INFO]: [SCore] projectile shulkerbullet1 was loaded !
[06:39:36] [Server thread/INFO]: [SCore] projectile snowball1 was loaded !
[06:39:36] [Server thread/INFO]: [SCore] projectile trident1 was loaded !
[06:39:36] [Server thread/INFO]: [SCore] projectile tridentCustom1 was loaded !
[06:39:36] [Server thread/INFO]: [SCore] projectile witherskull1 was loaded !
[06:39:36] [Server thread/INFO]: [SCore] 0 saved commands loaded !
[06:39:36] [Server thread/INFO]: ================ [SCore] ================
[06:39:36] [Server thread/INFO]: [WolfyUtilities] Enabling WolfyUtilities v4.16.4.1
[06:39:36] [Server thread/INFO]: [WolfyUtilities] Minecraft version: 1.16.5
[06:39:36] [Server thread/INFO]: [WolfyUtilities] WolfyUtils version: 4.16.4.1
[06:39:36] [Server thread/INFO]: [WolfyUtilities] Environment: PROD
[06:39:37] [Server thread/INFO]: [WolfyUtilities] Loading Plugin integrations: 
[06:39:37] [Server thread/INFO]: [WolfyUtilities]  - PlaceholderAPI
[06:39:37] [Server thread/INFO]: [WolfyUtilities]  - ExecutableItems
[06:39:37] [Server thread/INFO]: [WolfyUtilities] Create & Init Plugin integrations: 
[06:39:37] [Server thread/INFO]: [WolfyUtilities] init PAPI event
[06:39:37] [Server thread/INFO]: [WolfyUtilities] Register API references
[06:39:37] [Server thread/INFO]: [WolfyUtilities] Loading stored Custom Items
[06:39:37] [Server thread/INFO]: [WolfyUtilities] Loading Player Data
[06:39:37] [Server thread/INFO]: [WolfyUtilities] Loading Creative Mode Tabs
[06:39:37] [Server thread/INFO]: [WolfyUtilities] Initiating Particles
[06:39:37] [Server thread/INFO]: [CustomCrafting] Enabling CustomCrafting v3.16.6.2
[06:39:37] [Server thread/INFO]: [CustomCrafting] ____ _  _ ____ ___ ____ _  _ ____ ____ ____ ____ ___ _ _  _ ____ 
[06:39:37] [Server thread/INFO]: [CustomCrafting] |    |  | [__   |  |  | |\/| |    |__/ |__| |___  |  | |\ | | __ 
[06:39:37] [Server thread/INFO]: [CustomCrafting] |___ |__| ___]  |  |__| |  | |___ |  \ |  | |     |  | | \| |__]
[06:39:37] [Server thread/INFO]: [CustomCrafting]     Version    | v3.16.6.2
[06:39:37] [Server thread/INFO]: [CustomCrafting]     WolfyUtils | v4.16.4.1
[06:39:37] [Server thread/INFO]: [CustomCrafting]     Bukkit     | git-Purpur-1171 (MC: 1.16.5)(API: 1.16.5-R0.1-SNAPSHOT)
[06:39:37] [Server thread/INFO]: [NBTAPI] [NBTAPI] Found Spigot: v1_16_R3! Trying to find NMS support
[06:39:37] [Server thread/INFO]: [NBTAPI] [NBTAPI] NMS support 'MC1_16_R3' loaded!
[06:39:37] [Server thread/INFO]: [NBTAPI] [NBTAPI] Found Gson: class com.google.gson.Gson
[06:39:37] [Server thread/INFO]: [CustomCrafting] 
[06:39:37] [Server thread/INFO]: [CustomCrafting] Special thanks to my Patrons for supporting this project: 
[06:39:37] [Server thread/INFO]: [CustomCrafting] Omarlatif, Nat R, Junye Zhou, Apprehentice, PwassonDoDouce, Mr_Mint_
[06:39:37] [Server thread/INFO]: [CustomCrafting] ------------------------------------------------------------------------
[06:39:37] [Server thread/INFO]: [CustomCrafting] Loaded fallback language "en_US" v6.0.0 translated by WolfyScript
[06:39:37] [Server thread/INFO]: [CustomCrafting] Loaded active language "en_US" v6.0.0 translated by WolfyScript
[06:39:37] [Server thread/INFO]: [CustomCrafting] Detected ProtocolLib... initiating additional features.
[06:39:37] [Server thread/INFO]: [CustomCrafting] Registering PlaceHolder
[06:39:37] [Server thread/INFO]: [PlaceholderAPI] Successfully registered expansion: customcrafting [3.16.6.2]
[06:39:37] [Server thread/INFO]: [CustomCrafting] Data destination: LOCAL
[06:39:37] [Server thread/INFO]: [CustomCrafting] Initiating Inventory GUIs
[06:39:37] [Server thread/INFO]: [CustomCrafting] Register ItemCreator Tabs
[06:39:37] [Thread-28/INFO]: [NBTAPI] [NBTAPI] The NBT-API seems to be up-to-date!
[06:39:37] [Server thread/INFO]: [CustomCrafting] Loading Cauldrons
[06:39:37] [Server thread/INFO]: [CustomCrafting] ------------------------------------------------------------------------
[06:39:37] [Server thread/INFO]: [ExecutableItems] Enabling ExecutableItems v4.2.6.0
[06:39:37] [Server thread/INFO]: ================ [*ExecutableItems*] ================
[06:39:37] [Server thread/INFO]: [ExecutableItems] PlaceholderAPI hooked !
[06:39:37] [Server thread/INFO]: [ExecutableItems] NBTAPI hooked !
[06:39:37] [Server thread/INFO]: [ExecutableItems] CustomCrafting hooked !
[06:39:37] [Server thread/INFO]: [ExecutableItems] Locale setup: EN
[06:39:38] [Server thread/INFO]: [ExecutableItems] [ExecutableItems] Connexion to the db...
[06:39:38] [Server thread/INFO]: [ExecutableItems] [ExecutableItems] Verification of the table UsePerDay... (will be deleted on june 2022)
[06:39:38] [Server thread/INFO]: [ExecutableItems] [ExecutableItems] Verification of the table UsePerDayNew...
[06:39:38] [Server thread/INFO]: ================ [ExecutableItems] ================
[06:39:39] [Server thread/INFO]: [PlaceholderAPI] Placeholder expansion registration initializing...
[06:39:39] [Server thread/INFO]: Running delayed init tasks
[06:39:39] [Craft Scheduler Thread - 9 - Essentials/INFO]: [Essentials] Получение информации о версии...
[06:39:39] [Server thread/INFO]: [LootChest] Loading chests...
[06:39:39] [Server thread/INFO]: [LootChest] Removed 0 holograms
[06:39:39] [Server thread/INFO]: [LootChest] Loaded 1 Lootchests in 7 miliseconds
[06:39:39] [Server thread/INFO]: [LootChest] Starting LootChest timers asynchronously...
[06:39:39] [Server thread/INFO]: [LootChest] Plugin loaded
[06:39:39] [Server thread/INFO]: [Essentials] Essentials found a compatible payment resolution method: Vault Compatibility Layer (v1.7.3-b131)!
[06:39:39] [Server thread/INFO]: 0 placeholder hook(s) registered!
[06:39:39] [Server thread/INFO]: [Citizens] Loaded 2 NPCs.
[06:39:39] [Server thread/INFO]: [BlockRegen] INFO: Checking dependencies...
[06:39:39] [Server thread/INFO]: [BlockRegen] INFO: Starting auto-save.. with an interval of 600 seconds.
[06:39:39] [Server thread/INFO]: Done (18.257s)! For help, type "help"
[06:39:39] [Server thread/INFO]: Timings Reset
[06:39:39] [Craft Scheduler Thread - 23 - Vault/INFO]: [Vault] Checking for Updates ... 
[06:39:39] [Server thread/INFO]: [BeautyQuests] 0 quests loaded (0.022s)!
[06:39:39] [Server thread/INFO]: [BeautyQuests] Periodic saves task started (18000 ticks). Task ID: 531
[06:39:39] [Craft Scheduler Thread - 4 - SkinsRestorer/INFO]: [33;1m[[32;22mSkinsRestorer[33;1m] [0;39m[32;1m----------------------------------------------[0;39m
[06:39:39] [Craft Scheduler Thread - 4 - SkinsRestorer/INFO]: [33;1m[[32;22mSkinsRestorer[33;1m] [0;39m[32;1m    +==================+[0;39m
[06:39:39] [Craft Scheduler Thread - 4 - SkinsRestorer/INFO]: [33;1m[[32;22mSkinsRestorer[33;1m] [0;39m[32;1m    |   SkinsRestorer  |[0;39m
[06:39:39] [Craft Scheduler Thread - 4 - SkinsRestorer/INFO]: [33;1m[[32;22mSkinsRestorer[33;1m] [0;39m[32;1m    |------------------|[0;39m
[06:39:39] [Craft Scheduler Thread - 4 - SkinsRestorer/INFO]: [33;1m[[32;22mSkinsRestorer[33;1m] [0;39m[32;1m    |  [34;1m[4m[21mStandalone Mode[32;1m |[0;39m
[06:39:39] [Craft Scheduler Thread - 4 - SkinsRestorer/INFO]: [33;1m[[32;22mSkinsRestorer[33;1m] [0;39m[32;1m    +==================+[0;39m
[06:39:39] [Craft Scheduler Thread - 4 - SkinsRestorer/INFO]: [33;1m[[32;22mSkinsRestorer[33;1m] [0;39m[32;1m----------------------------------------------[0;39m
[06:39:39] [Craft Scheduler Thread - 4 - SkinsRestorer/INFO]: [33;1m[[32;22mSkinsRestorer[33;1m] [0;39m[36;1m    Current version: [32;1m14.2.1[0;39m
[06:39:39] [Craft Scheduler Thread - 4 - SkinsRestorer/INFO]: [33;1m[[32;22mSkinsRestorer[33;1m] [0;39m[32;1m    This is the latest version![0;39m
[06:39:39] [Craft Scheduler Thread - 4 - SkinsRestorer/INFO]: [33;1m[[32;22mSkinsRestorer[33;1m] [0;39m[32;1m----------------------------------------------[0;39m
[06:39:39] [Craft Scheduler Thread - 1 - LootChest/INFO]: [LootChest] The plugin seems up to date.
[06:39:39] [Server thread/INFO]: [WolfyUtilities] All dependencies are loaded. Calling the DependenciesLoadedEvent to notify other plugins!
[06:39:39] [Server thread/INFO]: [CustomCrafting] ------------------------------------------------------------------------
[06:39:39] [Server thread/INFO]: [CustomCrafting] Loading Recipes & Items
[06:39:39] [Server thread/INFO]: [CustomCrafting] - - - - [Local Storage] - - - -
[06:39:39] [Server thread/INFO]: [CustomCrafting] [LOCAL] Looking through data folder...
[06:39:39] [Server thread/INFO]: [CustomCrafting] [LOCAL] Loading Items
[06:39:39] [Server thread/INFO]: [CustomCrafting] [LOCAL] Loading Recipes
[06:39:39] [Server thread/INFO]: [CustomCrafting] [LOCAL] Loaded 2 recipes; Skipped: 0 error/s, 0 already existing
[06:39:39] [Server thread/INFO]: [CustomCrafting] [LOCAL_OLD] Loaded 0 recipes; Skipped: 0 error/s, 0 already existing
[06:39:39] [Server thread/INFO]: [CustomCrafting] [LOCAL_LEGACY] Loaded 0 recipes; Skipped: 0 error/s, 0 already existing
[06:39:39] [Server thread/INFO]: [CustomCrafting] [LOCAL] Loaded 2 recipes
[06:39:39] [Server thread/INFO]: [CustomCrafting] 
[06:39:39] [Server thread/INFO]: [CustomCrafting] Updating Items & Recipes to the latest format..
[06:39:39] [Server thread/INFO]: [CustomCrafting] Loading updated Items & Recipes...
[06:39:39] [Server thread/INFO]: [CustomCrafting] - - - - [Local Storage] - - - -
[06:39:39] [Server thread/INFO]: [CustomCrafting] [LOCAL] Looking through data folder...
[06:39:39] [Server thread/INFO]: [CustomCrafting] [LOCAL] Loading Items
[06:39:39] [Server thread/INFO]: [CustomCrafting] [LOCAL] Loading Recipes
[06:39:39] [Server thread/INFO]: [CustomCrafting] [LOCAL] Loaded 0 recipes; Skipped: 0 error/s, 2 already existing
[06:39:39] [Server thread/INFO]: [CustomCrafting] [LOCAL_OLD] Loaded 0 recipes; Skipped: 0 error/s, 0 already existing
[06:39:39] [Server thread/INFO]: [CustomCrafting] [LOCAL_LEGACY] Loaded 0 recipes; Skipped: 0 error/s, 0 already existing
[06:39:39] [Server thread/INFO]: [CustomCrafting] [LOCAL] Loaded 2 recipes
[06:39:39] [Server thread/INFO]: [CustomCrafting] 
[06:39:39] [Server thread/INFO]: [CustomCrafting] Indexing Recipe Book...
[06:39:39] [Server thread/INFO]: [CustomCrafting] Indexed Recipe Book!
[06:39:39] [Server thread/INFO]: [CustomCrafting] ------------------------------------------------------------------------
[06:39:39] [Server thread/INFO]: [BeautyQuests] You are using the latest version of BeautyQuests.
[06:39:40] [Craft Scheduler Thread - 5 - nokaut/INFO]: You have the latest version of the plugin
[06:39:40] [Craft Scheduler Thread - 5 - nokaut/INFO]: Nokaut plugin BY smaks6
[06:39:41] [Craft Scheduler Thread - 12 - HolographicDisplays/WARN]: [HolographicDisplays] Could not contact BukkitDev to check for updates.
[06:39:41] [Craft Scheduler Thread - 23 - Vault/INFO]: [Vault] There was an issue attempting to check for the latest version.
[06:39:41] [Craft Scheduler Thread - 23 - Vault/INFO]: [Vault] No new version available
