[00:57:32] [main/INFO]: Environment: authHost='https://authserver.mojang.com', accountsHost='https://api.mojang.com', sessionHost='https://sessionserver.mojang.com', servicesHost='https://api.minecraftservices.com', name='PROD'
[00:57:33] [main/INFO]: Reloading ResourceManager: Default, bukkit
[00:57:33] [Worker-Main-5/INFO]: Loaded 7 recipes
[00:57:35] [Server thread/INFO]: Starting minecraft server version 1.16.5
[00:57:35] [Server thread/INFO]: Loading properties
[00:57:35] [Server console handler/ERROR]: [TerminalConsole] Failed to read console input
java.io.IOException: Неверный дескриптор
	at java.io.FileInputStream.readBytes(Native Method) ~[?:?]
	at java.io.FileInputStream.read(FileInputStream.java:271) ~[?:?]
	at java.io.BufferedInputStream.read1(BufferedInputStream.java:282) ~[?:?]
	at java.io.BufferedInputStream.read(BufferedInputStream.java:343) ~[?:?]
	at sun.nio.cs.StreamDecoder.readBytes(StreamDecoder.java:297) ~[?:?]
	at sun.nio.cs.StreamDecoder.implRead(StreamDecoder.java:339) ~[?:?]
	at sun.nio.cs.StreamDecoder.read(StreamDecoder.java:188) ~[?:?]
	at java.io.InputStreamReader.read(InputStreamReader.java:178) ~[?:?]
	at java.io.BufferedReader.fill(BufferedReader.java:161) ~[?:?]
	at java.io.BufferedReader.readLine(BufferedReader.java:329) ~[?:?]
	at java.io.BufferedReader.readLine(BufferedReader.java:396) ~[?:?]
	at net.minecrell.terminalconsole.SimpleTerminalConsole.readCommands(SimpleTerminalConsole.java:180) ~[patched_1.16.5.jar:git-Purpur-1171]
	at net.minecrell.terminalconsole.SimpleTerminalConsole.start(SimpleTerminalConsole.java:143) ~[patched_1.16.5.jar:git-Purpur-1171]
	at net.minecraft.server.v1_16_R3.DedicatedServer$1.run(DedicatedServer.java:106) ~[patched_1.16.5.jar:git-Purpur-1171]
	Suppressed: java.io.IOException: Неверный дескриптор
		at java.io.FileDescriptor.close0(Native Method) ~[?:?]
		at java.io.FileDescriptor.close(FileDescriptor.java:297) ~[?:?]
		at java.io.FileInputStream$1.close(FileInputStream.java:366) ~[?:?]
		at java.io.FileDescriptor.closeAll(FileDescriptor.java:355) ~[?:?]
		at java.io.FileInputStream.close(FileInputStream.java:364) ~[?:?]
		at java.io.BufferedInputStream.close(BufferedInputStream.java:481) ~[?:?]
		at sun.nio.cs.StreamDecoder.implClose(StreamDecoder.java:391) ~[?:?]
		at sun.nio.cs.StreamDecoder.close(StreamDecoder.java:204) ~[?:?]
		at java.io.InputStreamReader.close(InputStreamReader.java:193) ~[?:?]
		at java.io.BufferedReader.close(BufferedReader.java:532) ~[?:?]
		at net.minecrell.terminalconsole.SimpleTerminalConsole.readCommands(SimpleTerminalConsole.java:183) ~[patched_1.16.5.jar:git-Purpur-1171]
		at net.minecrell.terminalconsole.SimpleTerminalConsole.start(SimpleTerminalConsole.java:143) ~[patched_1.16.5.jar:git-Purpur-1171]
		at net.minecraft.server.v1_16_R3.DedicatedServer$1.run(DedicatedServer.java:106) ~[patched_1.16.5.jar:git-Purpur-1171]
[00:57:35] [Server thread/INFO]: This server is running Purpur version git-Purpur-1171 (MC: 1.16.5) (Implementing API version 1.16.5-R0.1-SNAPSHOT)
[00:57:35] [Server thread/INFO]: Debug logging is disabled
[00:57:35] [Server thread/INFO]: Server Ping Player Sample Count: 12
[00:57:35] [Server thread/INFO]: Using 4 threads for Netty based IO
[00:57:35] [Server thread/WARN]: You specified a resource pack without providing a sha1 hash. Pack will be updated on the client only if you change the name of the pack.
[00:57:35] [Server thread/INFO]: Default game type: SURVIVAL
[00:57:35] [Server thread/INFO]: Generating keypair
[00:57:35] [Server thread/INFO]: Starting Minecraft server on *:25565
[00:57:35] [Server thread/INFO]: Using default channel type
[00:57:35] [Server thread/INFO]: Tuinity: Using Java 11 compression from Velocity.
[00:57:35] [Server thread/INFO]: Tuinity: Using Java cipher from Velocity.
[00:57:36] [Server thread/ERROR]: Could not load 'plugins\HelmetSet-1.0-SNAPSHOT.jar' in folder 'plugins'
org.bukkit.plugin.InvalidPluginException: java.lang.NoClassDefFoundError: net/skinsrestorer/api/exception/SkinRequestException
	at org.bukkit.plugin.java.JavaPluginLoader.loadPlugin(JavaPluginLoader.java:157) ~[patched_1.16.5.jar:git-Purpur-1171]
	at org.bukkit.plugin.SimplePluginManager.loadPlugin(SimplePluginManager.java:414) ~[patched_1.16.5.jar:git-Purpur-1171]
	at org.bukkit.plugin.SimplePluginManager.loadPlugins(SimplePluginManager.java:322) ~[patched_1.16.5.jar:git-Purpur-1171]
	at org.bukkit.craftbukkit.v1_16_R3.CraftServer.loadPlugins(CraftServer.java:393) ~[patched_1.16.5.jar:git-Purpur-1171]
	at net.minecraft.server.v1_16_R3.DedicatedServer.init(DedicatedServer.java:279) ~[patched_1.16.5.jar:git-Purpur-1171]
	at net.minecraft.server.v1_16_R3.MinecraftServer.w(MinecraftServer.java:1074) ~[patched_1.16.5.jar:git-Purpur-1171]
	at net.minecraft.server.v1_16_R3.MinecraftServer.lambda$a$0(MinecraftServer.java:293) ~[patched_1.16.5.jar:git-Purpur-1171]
	at java.lang.Thread.run(Thread.java:831) [?:?]
Caused by: java.lang.NoClassDefFoundError: net/skinsrestorer/api/exception/SkinRequestException
	at java.lang.Class.forName0(Native Method) ~[?:?]
	at java.lang.Class.forName(Class.java:466) ~[?:?]
	at org.bukkit.plugin.java.PluginClassLoader.<init>(PluginClassLoader.java:82) ~[patched_1.16.5.jar:git-Purpur-1171]
	at org.bukkit.plugin.java.JavaPluginLoader.loadPlugin(JavaPluginLoader.java:153) ~[patched_1.16.5.jar:git-Purpur-1171]
	... 7 more
Caused by: java.lang.ClassNotFoundException: net.skinsrestorer.api.exception.SkinRequestException
	at org.bukkit.plugin.java.PluginClassLoader.loadClass0(PluginClassLoader.java:155) ~[patched_1.16.5.jar:git-Purpur-1171]
	at org.bukkit.plugin.java.PluginClassLoader.loadClass(PluginClassLoader.java:114) ~[patched_1.16.5.jar:git-Purpur-1171]
	at java.lang.ClassLoader.loadClass(ClassLoader.java:519) ~[?:?]
	at java.lang.Class.forName0(Native Method) ~[?:?]
	at java.lang.Class.forName(Class.java:466) ~[?:?]
	at org.bukkit.plugin.java.PluginClassLoader.<init>(PluginClassLoader.java:82) ~[patched_1.16.5.jar:git-Purpur-1171]
	at org.bukkit.plugin.java.JavaPluginLoader.loadPlugin(JavaPluginLoader.java:153) ~[patched_1.16.5.jar:git-Purpur-1171]
	... 7 more
[00:57:36] [Server thread/ERROR]: Could not load 'plugins\TradeConfirm1.1.jar' in folder 'plugins'
org.bukkit.plugin.InvalidPluginException: Unsupported API version 1.18
	at org.bukkit.craftbukkit.v1_16_R3.util.CraftMagicNumbers.checkSupported(CraftMagicNumbers.java:361) ~[patched_1.16.5.jar:git-Purpur-1171]
	at org.bukkit.plugin.java.JavaPluginLoader.loadPlugin(JavaPluginLoader.java:149) ~[patched_1.16.5.jar:git-Purpur-1171]
	at org.bukkit.plugin.SimplePluginManager.loadPlugin(SimplePluginManager.java:414) ~[patched_1.16.5.jar:git-Purpur-1171]
	at org.bukkit.plugin.SimplePluginManager.loadPlugins(SimplePluginManager.java:322) ~[patched_1.16.5.jar:git-Purpur-1171]
	at org.bukkit.craftbukkit.v1_16_R3.CraftServer.loadPlugins(CraftServer.java:393) ~[patched_1.16.5.jar:git-Purpur-1171]
	at net.minecraft.server.v1_16_R3.DedicatedServer.init(DedicatedServer.java:279) ~[patched_1.16.5.jar:git-Purpur-1171]
	at net.minecraft.server.v1_16_R3.MinecraftServer.w(MinecraftServer.java:1074) ~[patched_1.16.5.jar:git-Purpur-1171]
	at net.minecraft.server.v1_16_R3.MinecraftServer.lambda$a$0(MinecraftServer.java:293) ~[patched_1.16.5.jar:git-Purpur-1171]
	at java.lang.Thread.run(Thread.java:831) [?:?]
[00:57:36] [Server thread/WARN]: Initializing Legacy Material Support. Unless you have legacy plugins and/or data this is a bug!
