[15:30:32] [main/INFO]: Environment: authHost='https://authserver.mojang.com', accountsHost='https://api.mojang.com', sessionHost='https://sessionserver.mojang.com', servicesHost='https://api.minecraftservices.com', name='PROD'
[15:30:32] [main/INFO]: Reloading ResourceManager: Default, bukkit
[15:30:32] [Worker-Main-5/INFO]: Loaded 7 recipes
[15:30:33] [Server thread/INFO]: Starting minecraft server version 1.16.5
[15:30:33] [Server thread/INFO]: Loading properties
[15:30:33] [Server console handler/ERROR]: [TerminalConsole] Failed to read console input
java.io.IOException: Неверный дескриптор
	at java.io.FileInputStream.readBytes(Native Method) ~[?:?]
	at java.io.FileInputStream.read(FileInputStream.java:271) ~[?:?]
	at java.io.BufferedInputStream.read1(BufferedInputStream.java:282) ~[?:?]
	at java.io.BufferedInputStream.read(BufferedInputStream.java:343) ~[?:?]
	at sun.nio.cs.StreamDecoder.readBytes(StreamDecoder.java:297) ~[?:?]
	at sun.nio.cs.StreamDecoder.implRead(StreamDecoder.java:339) ~[?:?]
	at sun.nio.cs.StreamDecoder.read(StreamDecoder.java:188) ~[?:?]
	at java.io.InputStreamReader.read(InputStreamReader.java:178) ~[?:?]
	at java.io.BufferedReader.fill(BufferedReader.java:161) ~[?:?]
	at java.io.BufferedReader.readLine(BufferedReader.java:329) ~[?:?]
	at java.io.BufferedReader.readLine(BufferedReader.java:396) ~[?:?]
	at net.minecrell.terminalconsole.SimpleTerminalConsole.readCommands(SimpleTerminalConsole.java:180) ~[patched_1.16.5.jar:git-Purpur-1171]
	at net.minecrell.terminalconsole.SimpleTerminalConsole.start(SimpleTerminalConsole.java:143) ~[patched_1.16.5.jar:git-Purpur-1171]
	at net.minecraft.server.v1_16_R3.DedicatedServer$1.run(DedicatedServer.java:106) ~[patched_1.16.5.jar:git-Purpur-1171]
	Suppressed: java.io.IOException: Неверный дескриптор
		at java.io.FileDescriptor.close0(Native Method) ~[?:?]
		at java.io.FileDescriptor.close(FileDescriptor.java:297) ~[?:?]
		at java.io.FileInputStream$1.close(FileInputStream.java:366) ~[?:?]
		at java.io.FileDescriptor.closeAll(FileDescriptor.java:355) ~[?:?]
		at java.io.FileInputStream.close(FileInputStream.java:364) ~[?:?]
		at java.io.BufferedInputStream.close(BufferedInputStream.java:481) ~[?:?]
		at sun.nio.cs.StreamDecoder.implClose(StreamDecoder.java:391) ~[?:?]
		at sun.nio.cs.StreamDecoder.close(StreamDecoder.java:204) ~[?:?]
		at java.io.InputStreamReader.close(InputStreamReader.java:193) ~[?:?]
		at java.io.BufferedReader.close(BufferedReader.java:532) ~[?:?]
		at net.minecrell.terminalconsole.SimpleTerminalConsole.readCommands(SimpleTerminalConsole.java:183) ~[patched_1.16.5.jar:git-Purpur-1171]
		at net.minecrell.terminalconsole.SimpleTerminalConsole.start(SimpleTerminalConsole.java:143) ~[patched_1.16.5.jar:git-Purpur-1171]
		at net.minecraft.server.v1_16_R3.DedicatedServer$1.run(DedicatedServer.java:106) ~[patched_1.16.5.jar:git-Purpur-1171]
[15:30:33] [Server thread/INFO]: This server is running Purpur version git-Purpur-1171 (MC: 1.16.5) (Implementing API version 1.16.5-R0.1-SNAPSHOT)
[15:30:34] [Server thread/INFO]: Debug logging is disabled
[15:30:34] [Server thread/INFO]: Server Ping Player Sample Count: 12
[15:30:34] [Server thread/INFO]: Using 4 threads for Netty based IO
[15:30:34] [Server thread/WARN]: You specified a resource pack without providing a sha1 hash. Pack will be updated on the client only if you change the name of the pack.
[15:30:34] [Server thread/INFO]: Default game type: SURVIVAL
[15:30:34] [Server thread/INFO]: Generating keypair
[15:30:34] [Server thread/INFO]: Starting Minecraft server on *:25565
[15:30:34] [Server thread/INFO]: Using default channel type
[15:30:34] [Server thread/INFO]: Tuinity: Using Java 11 compression from Velocity.
[15:30:34] [Server thread/INFO]: Tuinity: Using Java cipher from Velocity.
[15:30:34] [Server thread/WARN]: [HelmetSkin] Loaded class net.skinsrestorer.api.exception.SkinRequestException from SkinsRestorer v14.2.1 which is not a depend, softdepend or loadbefore of this plugin.
[15:30:34] [Server thread/INFO]: [WolfyUtilities] Loading 2 libraries... please wait
[15:30:35] [Server thread/INFO]: Downloading https://repo.maven.apache.org/maven2/com/google/inject/guice/5.1.0/guice-5.1.0.pom
[15:30:35] [Server thread/INFO]: Downloading https://repo.maven.apache.org/maven2/com/google/inject/guice-parent/5.1.0/guice-parent-5.1.0.pom
[15:30:36] [Server thread/INFO]: Downloading https://repo.maven.apache.org/maven2/com/google/google/5/google-5.pom
[15:30:36] [Server thread/INFO]: Downloading https://repo.maven.apache.org/maven2/javax/inject/javax.inject/1/javax.inject-1.pom
[15:30:37] [Server thread/INFO]: Downloading https://repo.maven.apache.org/maven2/aopalliance/aopalliance/1.0/aopalliance-1.0.pom
[15:30:37] [Server thread/INFO]: Downloading https://repo.maven.apache.org/maven2/com/google/guava/guava/30.1-jre/guava-30.1-jre.pom
[15:30:37] [Server thread/INFO]: Downloading https://repo.maven.apache.org/maven2/com/google/guava/guava-parent/30.1-jre/guava-parent-30.1-jre.pom
[15:30:38] [Server thread/INFO]: Downloading https://repo.maven.apache.org/maven2/com/google/guava/failureaccess/1.0.1/failureaccess-1.0.1.pom
[15:30:38] [Server thread/INFO]: Downloading https://repo.maven.apache.org/maven2/com/google/guava/guava-parent/26.0-android/guava-parent-26.0-android.pom
[15:30:39] [Server thread/INFO]: Downloading https://repo.maven.apache.org/maven2/org/sonatype/oss/oss-parent/9/oss-parent-9.pom
[15:30:39] [Server thread/INFO]: Downloading https://repo.maven.apache.org/maven2/com/google/guava/listenablefuture/9999.0-empty-to-avoid-conflict-with-guava/listenablefuture-9999.0-empty-to-avoid-conflict-with-guava.pom
[15:30:39] [Server thread/INFO]: Downloading https://repo.maven.apache.org/maven2/com/google/code/findbugs/jsr305/3.0.2/jsr305-3.0.2.pom
[15:30:40] [Server thread/INFO]: Downloading https://repo.maven.apache.org/maven2/org/sonatype/oss/oss-parent/7/oss-parent-7.pom
[15:30:40] [Server thread/INFO]: Downloading https://repo.maven.apache.org/maven2/org/checkerframework/checker-qual/3.5.0/checker-qual-3.5.0.pom
[15:30:41] [Server thread/INFO]: Downloading https://repo.maven.apache.org/maven2/com/google/errorprone/error_prone_annotations/2.3.4/error_prone_annotations-2.3.4.pom
[15:30:41] [Server thread/INFO]: Downloading https://repo.maven.apache.org/maven2/com/google/errorprone/error_prone_parent/2.3.4/error_prone_parent-2.3.4.pom
[15:30:41] [Server thread/INFO]: Downloading https://repo.maven.apache.org/maven2/com/google/j2objc/j2objc-annotations/1.3/j2objc-annotations-1.3.pom
[15:30:42] [Server thread/INFO]: Downloading https://repo.maven.apache.org/maven2/org/apache/commons/commons-lang3/3.12.0/commons-lang3-3.12.0.pom
[15:30:42] [Server thread/INFO]: Downloading https://repo.maven.apache.org/maven2/org/apache/commons/commons-parent/52/commons-parent-52.pom
[15:30:43] [Server thread/INFO]: Downloading https://repo.maven.apache.org/maven2/org/apache/apache/23/apache-23.pom
[15:30:43] [Server thread/INFO]: Downloading https://repo.maven.apache.org/maven2/org/junit/junit-bom/5.7.1/junit-bom-5.7.1.pom
[15:30:43] [BasicRepositoryConnector-repo.maven.apache.org-0-4/INFO]: Downloading https://repo.maven.apache.org/maven2/com/google/guava/failureaccess/1.0.1/failureaccess-1.0.1.jar
[15:30:43] [BasicRepositoryConnector-repo.maven.apache.org-0-3/INFO]: Downloading https://repo.maven.apache.org/maven2/com/google/guava/guava/30.1-jre/guava-30.1-jre.jar
[15:30:43] [BasicRepositoryConnector-repo.maven.apache.org-0-1/INFO]: Downloading https://repo.maven.apache.org/maven2/javax/inject/javax.inject/1/javax.inject-1.jar
[15:30:43] [BasicRepositoryConnector-repo.maven.apache.org-0-0/INFO]: Downloading https://repo.maven.apache.org/maven2/com/google/inject/guice/5.1.0/guice-5.1.0.jar
[15:30:43] [BasicRepositoryConnector-repo.maven.apache.org-0-2/INFO]: Downloading https://repo.maven.apache.org/maven2/aopalliance/aopalliance/1.0/aopalliance-1.0.jar
[15:30:44] [BasicRepositoryConnector-repo.maven.apache.org-0-4/INFO]: Downloading https://repo.maven.apache.org/maven2/com/google/guava/listenablefuture/9999.0-empty-to-avoid-conflict-with-guava/listenablefuture-9999.0-empty-to-avoid-conflict-with-guava.jar
[15:30:44] [BasicRepositoryConnector-repo.maven.apache.org-0-1/INFO]: Downloading https://repo.maven.apache.org/maven2/com/google/code/findbugs/jsr305/3.0.2/jsr305-3.0.2.jar
[15:30:44] [BasicRepositoryConnector-repo.maven.apache.org-0-2/INFO]: Downloading https://repo.maven.apache.org/maven2/org/checkerframework/checker-qual/3.5.0/checker-qual-3.5.0.jar
[15:30:44] [BasicRepositoryConnector-repo.maven.apache.org-0-4/INFO]: Downloading https://repo.maven.apache.org/maven2/com/google/errorprone/error_prone_annotations/2.3.4/error_prone_annotations-2.3.4.jar
[15:30:44] [BasicRepositoryConnector-repo.maven.apache.org-0-1/INFO]: Downloading https://repo.maven.apache.org/maven2/com/google/j2objc/j2objc-annotations/1.3/j2objc-annotations-1.3.jar
[15:30:44] [BasicRepositoryConnector-repo.maven.apache.org-0-4/INFO]: Downloading https://repo.maven.apache.org/maven2/org/apache/commons/commons-lang3/3.12.0/commons-lang3-3.12.0.jar
[15:30:45] [Server thread/INFO]: [WolfyUtilities] Loaded library C:\Users\Evdokimov\Desktop\ServerFallout\libraries\com\google\inject\guice\5.1.0\guice-5.1.0.jar
[15:30:45] [Server thread/INFO]: [WolfyUtilities] Loaded library C:\Users\Evdokimov\Desktop\ServerFallout\libraries\javax\inject\javax.inject\1\javax.inject-1.jar
[15:30:45] [Server thread/INFO]: [WolfyUtilities] Loaded library C:\Users\Evdokimov\Desktop\ServerFallout\libraries\aopalliance\aopalliance\1.0\aopalliance-1.0.jar
[15:30:45] [Server thread/INFO]: [WolfyUtilities] Loaded library C:\Users\Evdokimov\Desktop\ServerFallout\libraries\com\google\guava\guava\30.1-jre\guava-30.1-jre.jar
[15:30:45] [Server thread/INFO]: [WolfyUtilities] Loaded library C:\Users\Evdokimov\Desktop\ServerFallout\libraries\com\google\guava\failureaccess\1.0.1\failureaccess-1.0.1.jar
[15:30:45] [Server thread/INFO]: [WolfyUtilities] Loaded library C:\Users\Evdokimov\Desktop\ServerFallout\libraries\com\google\guava\listenablefuture\9999.0-empty-to-avoid-conflict-with-guava\listenablefuture-9999.0-empty-to-avoid-conflict-with-guava.jar
[15:30:45] [Server thread/INFO]: [WolfyUtilities] Loaded library C:\Users\Evdokimov\Desktop\ServerFallout\libraries\com\google\code\findbugs\jsr305\3.0.2\jsr305-3.0.2.jar
[15:30:45] [Server thread/INFO]: [WolfyUtilities] Loaded library C:\Users\Evdokimov\Desktop\ServerFallout\libraries\org\checkerframework\checker-qual\3.5.0\checker-qual-3.5.0.jar
[15:30:45] [Server thread/INFO]: [WolfyUtilities] Loaded library C:\Users\Evdokimov\Desktop\ServerFallout\libraries\com\google\errorprone\error_prone_annotations\2.3.4\error_prone_annotations-2.3.4.jar
[15:30:45] [Server thread/INFO]: [WolfyUtilities] Loaded library C:\Users\Evdokimov\Desktop\ServerFallout\libraries\com\google\j2objc\j2objc-annotations\1.3\j2objc-annotations-1.3.jar
[15:30:45] [Server thread/INFO]: [WolfyUtilities] Loaded library C:\Users\Evdokimov\Desktop\ServerFallout\libraries\org\apache\commons\commons-lang3\3.12.0\commons-lang3-3.12.0.jar
[15:30:45] [Server thread/INFO]: [WolfyUtilities] NMS Version: v1_16_R3
[15:30:45] [Server thread/INFO]: [me.wolfyscript.lib.org.reflections.Reflections] Reflections took 263 ms to scan 1 urls, producing 1173 keys and 3749 values
[15:30:45] [Server thread/INFO]: [CustomCrafting] NMS Version: v1_16_R3
[15:30:46] [Server thread/INFO]: [SkinsRestorer] Loading SkinsRestorer v14.2.1
[15:30:46] [Server thread/INFO]: [ArmorEquipEvent] Loading ArmorEquipEvent v1.7.6-SNAPSHOT
[15:30:46] [Server thread/INFO]: [HelmetSkin] Loading HelmetSkin v1.0-SNAPSHOT
[15:30:46] [Server thread/INFO]: [Vault] Loading Vault v1.7.3-b131
[15:30:46] [Server thread/INFO]: [PlaceholderAPI] Loading PlaceholderAPI v2.11.2
[15:30:46] [Server thread/INFO]: [QualityArmory] Loading QualityArmory v2.0.7
[15:30:46] [Server thread/INFO]: [EpicCraftingsPlus] Loading EpicCraftingsPlus v6.3.12
[15:30:46] [Server thread/INFO]: [WolfyUtilities] Loading WolfyUtilities v4.16.4.1
[15:30:46] [Server thread/INFO]: [WolfyUtilities] Register json serializer/deserializer
[15:30:46] [Server thread/INFO]: [WolfyUtilities] Register CustomItem meta checks
[15:30:46] [Server thread/INFO]: [CustomCrafting] Loading CustomCrafting v3.16.6.2
[15:30:46] [Server thread/INFO]: [CustomCrafting] WolfyUtils API: v4.16.4.1
[15:30:46] [Server thread/INFO]: [CustomCrafting] CustomCrafting: v3.16.6.2
[15:30:46] [Server thread/INFO]: [CustomCrafting] Environment   : PROD
[15:30:46] [Server thread/INFO]: [CustomCrafting] Registering CustomItem Data
[15:30:46] [Server thread/INFO]: [CustomCrafting] Registering Result Extensions
[15:30:46] [Server thread/INFO]: [CustomCrafting] Registering Result Merge Adapters
[15:30:46] [Server thread/INFO]: [CustomCrafting] Registering Recipe Conditions
[15:30:46] [Server thread/INFO]: [CustomCrafting] Registering Recipe Types
[15:30:46] [Server thread/INFO]: [CustomCrafting] Registering Anvil Recipe Tasks
[15:30:46] [Server thread/INFO]: [CustomCrafting] Registering Type Registries
[15:30:46] [Server thread/INFO]: Server permissions file permissions.yml is empty, ignoring it
[15:30:46] [Server thread/INFO]: [Vault] Enabling Vault v1.7.3-b131
[15:30:46] [Server thread/INFO]: [Vault] [Permission] SuperPermissions loaded as backup permission system.
[15:30:46] [Server thread/INFO]: [Vault] Enabled Version 1.7.3-b131
[15:30:46] [Server thread/WARN]: **** SERVER IS RUNNING IN OFFLINE/INSECURE MODE!
[15:30:46] [Server thread/WARN]: The server will make no attempt to authenticate usernames. Beware.
[15:30:46] [Server thread/WARN]: While this makes the game possible to play without internet access, it also opens up the ability for hackers to connect with any username they choose.
[15:30:46] [Server thread/WARN]: You will not be offered any support as long as the server allows offline-mode players to join.
[15:30:46] [Server thread/WARN]: To change this, set "online-mode" to "true" in the server.properties file.
[15:30:46] [Server thread/INFO]: Preparing level "world"
[15:30:46] [Server thread/INFO]: Preparing start region for dimension minecraft:overworld
[15:30:46] [Server thread/INFO]: Preparing spawn area: 0%
[15:30:46] [Server thread/INFO]: Time elapsed: 280 ms
[15:30:46] [Server thread/INFO]: Preparing start region for dimension minecraft:the_nether
[15:30:46] [Server thread/INFO]: Time elapsed: 80 ms
[15:30:46] [Server thread/INFO]: Preparing start region for dimension minecraft:the_end
[15:30:47] [Server thread/INFO]: Time elapsed: 69 ms
[15:30:47] [Server thread/INFO]: [SkinsRestorer] Enabling SkinsRestorer v14.2.1
[15:30:47] [Server thread/INFO]: [33;1m[[32;22mSkinsRestorer[33;1m] [0;39m[32;1mDetected Minecraft [33;1mv1_16_R3[32;1m, using [33;1mPaperSkinRefresher[32;1m.[0;39m
[15:30:47] [Server thread/INFO]: [SkinsRestorer] [ACF] Enabled Asynchronous Tab Completion Support!
[15:30:47] [Server thread/INFO]: [ArmorEquipEvent] Enabling ArmorEquipEvent v1.7.6-SNAPSHOT
[15:30:47] [Server thread/INFO]: [HelmetSkin] Enabling HelmetSkin v1.0-SNAPSHOT
[15:30:47] [Server thread/WARN]: [HelmetSkin] Loaded class com.codingforcookies.armorequip.ArmorEquipEvent from ArmorEquipEvent v1.7.6-SNAPSHOT which is not a depend, softdepend or loadbefore of this plugin.
[15:30:47] [Server thread/INFO]: [HelmetSkin] Плагин запустился!
[15:30:47] [Server thread/INFO]: [PlaceholderAPI] Enabling PlaceholderAPI v2.11.2
[15:30:47] [Server thread/INFO]: [PlaceholderAPI] Fetching available expansion information...
[15:30:47] [Server thread/INFO]: [QualityArmory] Enabling QualityArmory v2.0.7
[15:30:47] [Server thread/INFO]: [PlaceholderAPI] Successfully registered expansion: qualityarmory [2.0.7]
[15:30:47] [Server thread/INFO]: [QualityArmory] Found PlaceholderAPI. Loaded support
[15:30:47] [Server thread/INFO]: [QualityArmory] -Loaded 11 Ammo types.
[15:30:47] [Server thread/INFO]: [QualityArmory] -Loaded 16 Misc.
[15:30:47] [Server thread/INFO]: [QualityArmory] -Loaded 19 Gun types.
[15:30:47] [Server thread/INFO]: [QualityArmory] -Loading Attachment: awpasiimov
[15:30:47] [Server thread/INFO]: [QualityArmory] --Failed to load awpasiimov attachment because the base "awp" does not exist.
[15:30:47] [Server thread/INFO]: [QualityArmory] -Loading Attachment: p30silenced
[15:30:47] [Server thread/INFO]: [QualityArmory] --Failed to load p30silenced attachment because the base "p30" does not exist.
[15:30:47] [Server thread/INFO]: [QualityArmory] -Loading Attachment: uzicorn
[15:30:47] [Server thread/INFO]: [QualityArmory] --Failed to load uzicorn attachment because the base "uzi" does not exist.
[15:30:47] [Server thread/INFO]: [QualityArmory] -Loaded 0 Attachment types.
[15:30:47] [Server thread/INFO]: [QualityArmory] -Loaded 4 Armor types.
[15:30:47] [Server thread/INFO]: [EpicCraftingsPlus] Enabling EpicCraftingsPlus v6.3.12
[15:30:47] [Server thread/INFO]: ----------[EpicCraftingsPlus]---------
[15:30:47] [Server thread/INFO]: Has been enabled! Version: 6.3.12
[15:30:47] [Server thread/INFO]: Optional Dependencies:
[15:30:47] [Server thread/INFO]: [JOBS] Not Found!
[15:30:47] [Server thread/INFO]: [VAULT] Not Found!
[15:30:47] [Server thread/INFO]: [BATTLELEVELS] Not Found!
[15:30:47] [Server thread/INFO]: [SKILLAPI] Not Found!
[15:30:47] [Server thread/INFO]: [TOKENENCHANT] Not Found!
[15:30:47] [Server thread/INFO]: [PLACEHOLDERAPI] Found!
[15:30:47] [Server thread/INFO]: 
[15:30:47] [Server thread/INFO]: Thanks for using my plugin!  ~Ajneb97
[15:30:48] [Server thread/INFO]: There is a new version available. (7.11.5)
[15:30:48] [Server thread/INFO]: You can download it at: https://www.spigotmc.org/resources/39967/
[15:30:48] [Server thread/INFO]: -------------------------------------
[15:30:48] [Server thread/INFO]: [WolfyUtilities] Enabling WolfyUtilities v4.16.4.1
[15:30:48] [Server thread/INFO]: [WolfyUtilities] Minecraft version: 1.16.5
[15:30:48] [Server thread/INFO]: [WolfyUtilities] WolfyUtils version: 4.16.4.1
[15:30:48] [Server thread/INFO]: [WolfyUtilities] Environment: PROD
[15:30:48] [Server thread/INFO]: [WolfyUtilities] Loading Plugin integrations: 
[15:30:48] [Server thread/INFO]: [WolfyUtilities]  - PlaceholderAPI
[15:30:48] [Server thread/INFO]: [WolfyUtilities] Create & Init Plugin integrations: 
[15:30:48] [Server thread/INFO]: [WolfyUtilities] init PAPI event
[15:30:48] [Server thread/INFO]: [WolfyUtilities] Register API references
[15:30:48] [Server thread/INFO]: [WolfyUtilities] Loading stored Custom Items
[15:30:48] [Server thread/INFO]: [WolfyUtilities] Loading Player Data
[15:30:48] [Server thread/INFO]: [WolfyUtilities] Loading Creative Mode Tabs
[15:30:48] [Server thread/INFO]: [WolfyUtilities] Initiating Particles
[15:30:48] [Server thread/INFO]: [CustomCrafting] Enabling CustomCrafting v3.16.6.2
[15:30:48] [Server thread/INFO]: [CustomCrafting] ____ _  _ ____ ___ ____ _  _ ____ ____ ____ ____ ___ _ _  _ ____ 
[15:30:48] [Server thread/INFO]: [CustomCrafting] |    |  | [__   |  |  | |\/| |    |__/ |__| |___  |  | |\ | | __ 
[15:30:48] [Server thread/INFO]: [CustomCrafting] |___ |__| ___]  |  |__| |  | |___ |  \ |  | |     |  | | \| |__]
[15:30:48] [Server thread/INFO]: [CustomCrafting]     Version    | v3.16.6.2
[15:30:48] [Server thread/INFO]: [CustomCrafting]     WolfyUtils | v4.16.4.1
[15:30:48] [Server thread/INFO]: [CustomCrafting]     Bukkit     | git-Purpur-1171 (MC: 1.16.5)(API: 1.16.5-R0.1-SNAPSHOT)
[15:30:48] [Server thread/INFO]: [NBTAPI] [NBTAPI] Found Spigot: v1_16_R3! Trying to find NMS support
[15:30:48] [Server thread/INFO]: [NBTAPI] [NBTAPI] NMS support 'MC1_16_R3' loaded!
[15:30:48] [Server thread/INFO]: [NBTAPI] [NBTAPI] Found Gson: class com.google.gson.Gson
[15:30:48] [Server thread/INFO]: [CustomCrafting] 
[15:30:48] [Server thread/INFO]: [CustomCrafting] Special thanks to my Patrons for supporting this project: 
[15:30:48] [Server thread/INFO]: [CustomCrafting] Omarlatif, Nat R, Junye Zhou, Apprehentice, PwassonDoDouce, Mr_Mint_
[15:30:48] [Server thread/INFO]: [CustomCrafting] ------------------------------------------------------------------------
[15:30:48] [Server thread/INFO]: [CustomCrafting] Loaded fallback language "en_US" v6.0.0 translated by WolfyScript
[15:30:48] [Server thread/INFO]: [CustomCrafting] Loaded active language "en_US" v6.0.0 translated by WolfyScript
[15:30:48] [Server thread/INFO]: [CustomCrafting] Registering PlaceHolder
[15:30:48] [Server thread/INFO]: [PlaceholderAPI] Successfully registered expansion: customcrafting [3.16.6.2]
[15:30:48] [Server thread/INFO]: [CustomCrafting] Data destination: LOCAL
[15:30:48] [Server thread/INFO]: [CustomCrafting] Initiating Inventory GUIs
[15:30:48] [Server thread/INFO]: [CustomCrafting] Register ItemCreator Tabs
[15:30:49] [Thread-17/INFO]: [NBTAPI] [NBTAPI] The NBT-API seems to be up-to-date!
[15:30:49] [Server thread/INFO]: [CustomCrafting] Loading Cauldrons
[15:30:49] [Server thread/INFO]: [CustomCrafting] Loading Recipes & Items
[15:30:49] [Server thread/INFO]: [CustomCrafting] - - - - [Local Storage] - - - -
[15:30:49] [Server thread/INFO]: [CustomCrafting] [LOCAL] Looking through data folder...
[15:30:49] [Server thread/INFO]: [CustomCrafting] [LOCAL] Loading Items
[15:30:49] [Server thread/INFO]: [CustomCrafting] [LOCAL] Loading Recipes
[15:30:49] [Server thread/INFO]: [CustomCrafting] [LOCAL] Loaded 2 recipes; Skipped: 0 error/s, 0 already existing
[15:30:49] [Server thread/INFO]: [CustomCrafting] [LOCAL_OLD] Loaded 0 recipes; Skipped: 0 error/s, 0 already existing
[15:30:49] [Server thread/INFO]: [CustomCrafting] [LOCAL_LEGACY] Loaded 0 recipes; Skipped: 0 error/s, 0 already existing
[15:30:49] [Server thread/INFO]: [CustomCrafting] [LOCAL] Loaded 2 recipes
[15:30:49] [Server thread/INFO]: [CustomCrafting] 
[15:30:49] [Server thread/INFO]: [CustomCrafting] Indexing Recipe Book...
[15:30:49] [Server thread/INFO]: [CustomCrafting] Indexed Recipe Book!
[15:30:49] [Server thread/INFO]: [CustomCrafting] ------------------------------------------------------------------------
[15:30:49] [Server thread/INFO]: [PlaceholderAPI] Placeholder expansion registration initializing...
[15:30:49] [Server thread/INFO]: Running delayed init tasks
[15:30:49] [Craft Scheduler Thread - 11 - Vault/INFO]: [Vault] Checking for Updates ... 
[15:30:49] [Server thread/INFO]: 0 placeholder hook(s) registered!
[15:30:49] [Server thread/INFO]: Done (15.433s)! For help, type "help"
[15:30:49] [Server thread/INFO]: Timings Reset
[15:30:49] [Craft Scheduler Thread - 11 - Vault/INFO]: [Vault] No new version available
[15:30:49] [Craft Scheduler Thread - 3 - SkinsRestorer/INFO]: [33;1m[[32;22mSkinsRestorer[33;1m] [0;39m[32;1m----------------------------------------------[0;39m
[15:30:49] [Craft Scheduler Thread - 3 - SkinsRestorer/INFO]: [33;1m[[32;22mSkinsRestorer[33;1m] [0;39m[32;1m    +==================+[0;39m
[15:30:49] [Craft Scheduler Thread - 3 - SkinsRestorer/INFO]: [33;1m[[32;22mSkinsRestorer[33;1m] [0;39m[32;1m    |   SkinsRestorer  |[0;39m
[15:30:49] [Craft Scheduler Thread - 3 - SkinsRestorer/INFO]: [33;1m[[32;22mSkinsRestorer[33;1m] [0;39m[32;1m    |------------------|[0;39m
[15:30:49] [Craft Scheduler Thread - 3 - SkinsRestorer/INFO]: [33;1m[[32;22mSkinsRestorer[33;1m] [0;39m[32;1m    |  [34;1m[4m[21mStandalone Mode[32;1m |[0;39m
[15:30:49] [Craft Scheduler Thread - 3 - SkinsRestorer/INFO]: [33;1m[[32;22mSkinsRestorer[33;1m] [0;39m[32;1m    +==================+[0;39m
[15:30:49] [Craft Scheduler Thread - 3 - SkinsRestorer/INFO]: [33;1m[[32;22mSkinsRestorer[33;1m] [0;39m[32;1m----------------------------------------------[0;39m
[15:30:49] [Craft Scheduler Thread - 3 - SkinsRestorer/INFO]: [33;1m[[32;22mSkinsRestorer[33;1m] [0;39m[36;1m    Current version: [32;1m14.2.1[0;39m
[15:30:49] [Craft Scheduler Thread - 3 - SkinsRestorer/INFO]: [33;1m[[32;22mSkinsRestorer[33;1m] [0;39m[32;1m    This is the latest version![0;39m
[15:30:49] [Craft Scheduler Thread - 3 - SkinsRestorer/INFO]: [33;1m[[32;22mSkinsRestorer[33;1m] [0;39m[32;1m----------------------------------------------[0;39m
[15:30:49] [Server thread/INFO]: [WolfyUtilities] All dependencies are loaded. Calling the DependenciesLoadedEvent to notify other plugins!
[15:30:49] [Server thread/INFO]: [CustomCrafting] ------------------------------------------------------------------------
[15:30:49] [Server thread/INFO]: [CustomCrafting] Loading Recipes & Items
[15:30:49] [Server thread/INFO]: [CustomCrafting] - - - - [Local Storage] - - - -
[15:30:49] [Server thread/INFO]: [CustomCrafting] [LOCAL] Looking through data folder...
[15:30:49] [Server thread/INFO]: [CustomCrafting] [LOCAL] Loading Items
[15:30:49] [Server thread/INFO]: [CustomCrafting] [LOCAL] Loading Recipes
[15:30:49] [Server thread/INFO]: [CustomCrafting] [LOCAL] Loaded 0 recipes; Skipped: 0 error/s, 2 already existing
[15:30:49] [Server thread/INFO]: [CustomCrafting] [LOCAL_OLD] Loaded 0 recipes; Skipped: 0 error/s, 0 already existing
[15:30:49] [Server thread/INFO]: [CustomCrafting] [LOCAL_LEGACY] Loaded 0 recipes; Skipped: 0 error/s, 0 already existing
[15:30:49] [Server thread/INFO]: [CustomCrafting] [LOCAL] Loaded 2 recipes
[15:30:49] [Server thread/INFO]: [CustomCrafting] 
[15:30:49] [Server thread/INFO]: [CustomCrafting] Indexing Recipe Book...
[15:30:49] [Server thread/INFO]: [CustomCrafting] Indexed Recipe Book!
[15:30:49] [Server thread/INFO]: [CustomCrafting] ------------------------------------------------------------------------
[15:31:09] [Server thread/INFO]: Stopping server
[15:31:09] [Server thread/INFO]: [CustomCrafting] Disabling CustomCrafting v3.16.6.2
[15:31:09] [Server thread/INFO]: [CustomCrafting] Saving Cauldrons
[15:31:09] [Server thread/INFO]: [WolfyUtilities] Disabling WolfyUtilities v4.16.4.1
[15:31:09] [Server thread/INFO]: [WolfyUtilities] Save stored Custom Items
[15:31:09] [Server thread/INFO]: [EpicCraftingsPlus] Disabling EpicCraftingsPlus v6.3.12
[15:31:09] [Server thread/INFO]: [EpicCraftingsPlus] Has been disabled! Version: 6.3.12
[15:31:09] [Server thread/INFO]: [QualityArmory] Disabling QualityArmory v2.0.7
[15:31:09] [Server thread/INFO]: [PlaceholderAPI] Disabling PlaceholderAPI v2.11.2
[15:31:09] [Server thread/INFO]: [Vault] Disabling Vault v1.7.3-b131
[15:31:09] [Server thread/INFO]: [HelmetSkin] Disabling HelmetSkin v1.0-SNAPSHOT
[15:31:09] [Server thread/INFO]: [HelmetSkin] Bye!!!
[15:31:09] [Server thread/INFO]: [ArmorEquipEvent] Disabling ArmorEquipEvent v1.7.6-SNAPSHOT
[15:31:09] [Server thread/INFO]: [SkinsRestorer] Disabling SkinsRestorer v14.2.1
[15:31:09] [Server thread/INFO]: Saving players
[15:31:09] [Server thread/INFO]: Saving worlds
[15:31:09] [Server thread/INFO]: Saving chunks for level 'ServerLevel[world]'/minecraft:overworld
[15:31:10] [Server thread/INFO]: ThreadedAnvilChunkStorage (world): All chunks are saved
[15:31:10] [Server thread/INFO]: Saving chunks for level 'ServerLevel[world_nether]'/minecraft:the_nether
[15:31:10] [Server thread/INFO]: ThreadedAnvilChunkStorage (DIM-1): All chunks are saved
[15:31:10] [Server thread/INFO]: Saving chunks for level 'ServerLevel[world_the_end]'/minecraft:the_end
[15:31:10] [Server thread/INFO]: ThreadedAnvilChunkStorage (DIM1): All chunks are saved
[15:31:10] [Server thread/INFO]: ThreadedAnvilChunkStorage (world): All chunks are saved
[15:31:10] [Server thread/INFO]: ThreadedAnvilChunkStorage (DIM-1): All chunks are saved
[15:31:10] [Server thread/INFO]: ThreadedAnvilChunkStorage (DIM1): All chunks are saved
[15:31:10] [Server thread/INFO]: Flushing Chunk IO
[15:31:10] [Server thread/INFO]: Closing Thread Pool
[15:31:10] [Server thread/INFO]: Closing Server
